Log file open, 06/22/23 10:49:36
LogWindows: Failed to load 'aqProf.dll' (GetLastError=126)
LogWindows: File 'aqProf.dll' does not exist
LogWindows: Failed to load 'VtuneApi.dll' (GetLastError=126)
LogWindows: File 'VtuneApi.dll' does not exist
LogWindows: Failed to load 'VtuneApi32e.dll' (GetLastError=126)
LogWindows: File 'VtuneApi32e.dll' does not exist
LogConsoleResponse: Display: Failed to find resolution value strings in scalability ini. Falling back to default.
LogConsoleResponse: Display: Failed to find resolution value strings in scalability ini. Falling back to default.
LogInit: Display: Running engine for game: TowerDefence
LogPlatformFile: Not using cached read wrapper
LogTaskGraph: Started task graph with 5 named threads and 35 total threads with 3 sets of task threads.
LogStats: Stats thread started at 0.415675
LogICUInternationalization: ICU TimeZone Detection - Raw Offset: -6:00, Platform Override: ''
LogInit: Display: Loading text-based GConfig....
LogPluginManager: Mounting plugin MeshPainting
LogPluginManager: Mounting plugin XGEController
LogPluginManager: Mounting plugin Paper2D
LogPluginManager: Mounting plugin AISupport
LogPluginManager: Mounting plugin EnvironmentQueryEditor
LogPluginManager: Mounting plugin LiveLink
LogPluginManager: Mounting plugin LightPropagationVolume
LogPluginManager: Mounting plugin CameraShakePreviewer
LogPluginManager: Mounting plugin AssetManagerEditor
LogPluginManager: Mounting plugin CryptoKeys
LogPluginManager: Mounting plugin CurveEditorTools
LogPluginManager: Mounting plugin OodleData
LogPluginManager: Mounting plugin DataValidation
LogPluginManager: Mounting plugin FacialAnimation
LogPluginManager: Mounting plugin OodleNetwork
LogPluginManager: Mounting plugin GameplayTagsEditor
LogPluginManager: Mounting plugin GeometryMode
LogPluginManager: Mounting plugin MacGraphicsSwitching
LogPluginManager: Mounting plugin MobileLauncherProfileWizard
LogPluginManager: Mounting plugin PluginBrowser
LogPluginManager: Mounting plugin SpeedTreeImporter
LogPluginManager: Mounting plugin AlembicImporter
LogPluginManager: Mounting plugin AutomationUtils
LogPluginManager: Mounting plugin BackChannel
LogPluginManager: Mounting plugin ChaosClothEditor
LogPluginManager: Mounting plugin ChaosEditor
LogPluginManager: Mounting plugin ChaosNiagara
LogPluginManager: Mounting plugin ChaosCloth
LogPluginManager: Mounting plugin ChaosSolverPlugin
LogPluginManager: Mounting plugin CharacterAI
LogPluginManager: Mounting plugin GeometryCache
LogPluginManager: Mounting plugin MaterialAnalyzer
LogPluginManager: Mounting plugin GeometryCollectionPlugin
LogPluginManager: Mounting plugin GeometryProcessing
LogPluginManager: Mounting plugin MotoSynth
LogPluginManager: Mounting plugin PlanarCut
LogPluginManager: Mounting plugin PlatformCrypto
LogPluginManager: Mounting plugin PythonScriptPlugin
LogPluginManager: Mounting plugin SkeletalReduction
LogPluginManager: Mounting plugin OpenImageDenoise
LogPluginManager: Mounting plugin ProxyLODPlugin
LogPluginManager: Mounting plugin DatasmithContent
LogPluginManager: Mounting plugin VariantManagerContent
LogPluginManager: Mounting plugin Niagara
LogPluginManager: Mounting plugin LuminPlatformFeatures
LogPluginManager: Mounting plugin MagicLeap
LogPluginManager: Mounting plugin MagicLeapLightEstimation
LogPluginManager: Mounting plugin MagicLeapMedia
LogPluginManager: Mounting plugin MagicLeapPassableWorld
LogPluginManager: Mounting plugin MLSDK
LogPluginManager: Mounting plugin UdpMessaging
LogPluginManager: Mounting plugin ActorSequence
LogPluginManager: Mounting plugin TcpMessaging
LogPluginManager: Mounting plugin MatineeToLevelSequence
LogPluginManager: Mounting plugin LevelSequenceEditor
LogPluginManager: Mounting plugin AndroidMedia
LogPluginManager: Mounting plugin TemplateSequence
LogPluginManager: Mounting plugin AvfMedia
LogPluginManager: Mounting plugin ImgMedia
LogPluginManager: Mounting plugin MediaCompositing
LogPluginManager: Mounting plugin MediaPlayerEditor
LogPluginManager: Mounting plugin WmfMedia
LogPluginManager: Mounting plugin LauncherChunkInstaller
LogPluginManager: Mounting plugin OnlineSubsystemNull
LogPluginManager: Mounting plugin OnlineSubsystemUtils
LogPluginManager: Mounting plugin ActorLayerUtilities
LogPluginManager: Mounting plugin AndroidMoviePlayer
LogPluginManager: Mounting plugin AndroidDeviceProfileSelector
LogPluginManager: Mounting plugin AndroidPermission
LogPluginManager: Mounting plugin AppleImageUtils
LogPluginManager: Mounting plugin AppleMoviePlayer
LogPluginManager: Mounting plugin ArchVisCharacter
LogPluginManager: Mounting plugin AssetTags
LogPluginManager: Mounting plugin AudioCapture
LogPluginManager: Mounting plugin WebMMedia
LogPluginManager: Mounting plugin AudioSynesthesia
LogPluginManager: Mounting plugin ChunkDownloader
LogPluginManager: Mounting plugin CustomMeshComponent
LogPluginManager: Mounting plugin EditableMesh
LogPluginManager: Mounting plugin ExampleDeviceProfileSelector
LogPluginManager: Mounting plugin GoogleCloudMessaging
LogPluginManager: Mounting plugin GooglePAD
LogPluginManager: Mounting plugin ScreenshotTools
LogPluginManager: Mounting plugin IOSDeviceProfileSelector
LogPluginManager: Mounting plugin LinuxDeviceProfileSelector
LogPluginManager: Mounting plugin LocationServicesBPLibrary
LogPluginManager: Mounting plugin MobilePatchingUtils
LogPluginManager: Mounting plugin OnlineSubsystem
LogPluginManager: Mounting plugin OpenXRHandTracking
LogPluginManager: Mounting plugin OpenXR
LogPluginManager: Mounting plugin OpenXREyeTracker
LogPluginManager: Mounting plugin PhysXVehicles
LogPluginManager: Mounting plugin CableComponent
LogPluginManager: Mounting plugin Takes
LogPluginManager: Mounting plugin PostSplashScreen
LogPluginManager: Mounting plugin ProceduralMeshComponent
LogPluginManager: Mounting plugin PropertyAccessEditor
LogPluginManager: Mounting plugin RuntimePhysXCooking
LogPluginManager: Mounting plugin SoundFields
LogPluginManager: Mounting plugin SignificanceManager
LogPluginManager: Mounting plugin Synthesis
LogPluginManager: Mounting plugin WebMMoviePlayer
LogPluginManager: Mounting plugin GameplayCameras
LogPluginManager: Mounting plugin WindowsMoviePlayer
LogPluginManager: Mounting plugin AnimationSharing
LogPluginManager: Mounting plugin CodeLiteSourceCodeAccess
LogPluginManager: Mounting plugin CLionSourceCodeAccess
LogPluginManager: Mounting plugin GitSourceControl
LogPluginManager: Mounting plugin PerforceSourceControl
LogPluginManager: Mounting plugin KDevelopSourceCodeAccess
LogPluginManager: Mounting plugin PluginUtils
LogPluginManager: Mounting plugin PlasticSourceControl
LogPluginManager: Mounting plugin PixWinPlugin
LogPluginManager: Mounting plugin PropertyAccessNode
LogPluginManager: Mounting plugin RiderSourceCodeAccess
LogPluginManager: Mounting plugin TextureFormatOodle
LogPluginManager: Mounting plugin SubversionSourceControl
LogPluginManager: Mounting plugin UObjectPlugin
LogPluginManager: Mounting plugin VisualStudioCodeSourceCodeAccess
LogPluginManager: Mounting plugin VisualStudioSourceCodeAccess
LogPluginManager: Mounting plugin XCodeSourceCodeAccess
LogPluginManager: Mounting plugin NullSourceCodeAccess
LogPluginManager: Mounting plugin ContentBrowserAssetDataSource
LogPluginManager: Mounting plugin ContentBrowserClassDataSource
LogPluginManager: Mounting plugin ContentBrowserFileDataSource
LogPluginManager: Mounting plugin OnlineSubsystemGooglePlay
LogPluginManager: Mounting plugin OnlineSubsystemIOS
LogPluginManager: Mounting plugin OculusVR
LogPluginManager: Mounting plugin SteamVR
LogInit: Using libcurl 7.55.1-DEV
LogInit:  - built for x86_64-pc-win32
LogInit:  - supports SSL with OpenSSL/1.1.1
LogInit:  - supports HTTP deflate (compression) using libz 1.2.8
LogInit:  - other features:
LogInit:      CURL_VERSION_SSL
LogInit:      CURL_VERSION_LIBZ
LogInit:      CURL_VERSION_IPV6
LogInit:      CURL_VERSION_ASYNCHDNS
LogInit:      CURL_VERSION_LARGEFILE
LogInit:      CURL_VERSION_IDN
LogInit:  CurlRequestOptions (configurable via config and command line):
LogInit:  - bVerifyPeer = true  - Libcurl will verify peer certificate
LogInit:  - bUseHttpProxy = false  - Libcurl will NOT use HTTP proxy
LogInit:  - bDontReuseConnections = false  - Libcurl will reuse connections
LogInit:  - MaxHostConnections = 16  - Libcurl will limit the number of connections to a host
LogInit:  - LocalHostAddr = Default
LogInit:  - BufferSize = 65536
LogOnline: OSS: Creating online subsystem instance for: NULL
LogInit: WinSock: version 1.1 (2.2), MaxSocks=32767, MaxUdp=65467
LogOnline: OSS: TryLoadSubsystemAndSetDefault: Loaded subsystem for module [NULL]
PixWinPlugin: PIX capture plugin failed to initialize! Check that the process is launched from PIX.
LogOculusPluginWrapper: OculusPlugin initialized successfully
LogHMD: Failed initializing OVRPlugin 1.59.0
LogInit: Build: ++UE4+Release-4.27-CL-18319896
LogInit: Engine Version: 4.27.2-18319896+++UE4+Release-4.27
LogInit: Compatible Engine Version: 4.27.0-17155196+++UE4+Release-4.27
LogInit: Net CL: 17155196
LogInit: OS: Windows 10 (Release 2009) (), CPU: Intel(R) Core(TM) i7-5820K CPU @ 3.30GHz, GPU: NVIDIA GeForce GTX 960
LogInit: Compiled (64-bit): Nov 30 2021 07:12:08
LogInit: Compiled with Visual C++: 19.24.28315.00
LogInit: Build Configuration: Development
LogInit: Branch Name: ++UE4+Release-4.27
LogInit: Command Line:  -skipcompile
LogInit: Base Directory: C:/Program Files/Epic Games/UE_4.27/Engine/Binaries/Win64/
LogInit: Allocator: TBB
LogInit: Installed Engine Build: 1
LogDevObjectVersion: Number of dev versions registered: 29
LogDevObjectVersion:   Dev-Blueprints (B0D832E4-1F89-4F0D-ACCF-7EB736FD4AA2): 10
LogDevObjectVersion:   Dev-Build (E1C64328-A22C-4D53-A36C-8E866417BD8C): 0
LogDevObjectVersion:   Dev-Core (375EC13C-06E4-48FB-B500-84F0262A717E): 4
LogDevObjectVersion:   Dev-Editor (E4B068ED-F494-42E9-A231-DA0B2E46BB41): 40
LogDevObjectVersion:   Dev-Framework (CFFC743F-43B0-4480-9391-14DF171D2073): 37
LogDevObjectVersion:   Dev-Mobile (B02B49B5-BB20-44E9-A304-32B752E40360): 3
LogDevObjectVersion:   Dev-Networking (A4E4105C-59A1-49B5-A7C5-40C4547EDFEE): 0
LogDevObjectVersion:   Dev-Online (39C831C9-5AE6-47DC-9A44-9C173E1C8E7C): 0
LogDevObjectVersion:   Dev-Physics (78F01B33-EBEA-4F98-B9B4-84EACCB95AA2): 14
LogDevObjectVersion:   Dev-Platform (6631380F-2D4D-43E0-8009-CF276956A95A): 0
LogDevObjectVersion:   Dev-Rendering (12F88B9F-8875-4AFC-A67C-D90C383ABD29): 45
LogDevObjectVersion:   Dev-Sequencer (7B5AE74C-D270-4C10-A958-57980B212A5A): 13
LogDevObjectVersion:   Dev-VR (D7296918-1DD6-4BDD-9DE2-64A83CC13884): 3
LogDevObjectVersion:   Dev-LoadTimes (C2A15278-BFE7-4AFE-6C17-90FF531DF755): 1
LogDevObjectVersion:   Private-Geometry (6EACA3D4-40EC-4CC1-B786-8BED09428FC5): 3
LogDevObjectVersion:   Dev-AnimPhys (29E575DD-E0A3-4627-9D10-D276232CDCEA): 17
LogDevObjectVersion:   Dev-Anim (AF43A65D-7FD3-4947-9873-3E8ED9C1BB05): 15
LogDevObjectVersion:   Dev-ReflectionCapture (6B266CEC-1EC7-4B8F-A30B-E4D90942FC07): 1
LogDevObjectVersion:   Dev-Automation (0DF73D61-A23F-47EA-B727-89E90C41499A): 1
LogDevObjectVersion:   FortniteMain (601D1886-AC64-4F84-AA16-D3DE0DEAC7D6): 47
LogDevObjectVersion:   FortniteRelease (E7086368-6B23-4C58-8439-1B7016265E91): 1
LogDevObjectVersion:   Dev-Enterprise (9DFFBCD6-494F-0158-E221-12823C92A888): 10
LogDevObjectVersion:   Dev-Niagara (F2AED0AC-9AFE-416F-8664-AA7FFA26D6FC): 1
LogDevObjectVersion:   Dev-Destruction (174F1F0B-B4C6-45A5-B13F-2EE8D0FB917D): 10
LogDevObjectVersion:   Dev-Physics-Ext (35F94A83-E258-406C-A318-09F59610247C): 41
LogDevObjectVersion:   Dev-PhysicsMaterial-Chaos (B68FC16E-8B1B-42E2-B453-215C058844FE): 1
LogDevObjectVersion:   Dev-CineCamera (B2E18506-4273-CFC2-A54E-F4BB758BBA07): 1
LogDevObjectVersion:   Dev-VirtualProduction (64F58936-FD1B-42BA-BA96-7289D5D0FA4E): 1
LogDevObjectVersion:   Dev-MediaFramework (6F0ED827-A609-4895-9C91-998D90180EA4): 2
LogInit: Presizing for max 25165824 objects, including 0 objects not considered by GC, pre-allocating 0 bytes for permanent pool.
LogConfig: Applying CVar settings from Section [/Script/Engine.StreamingSettings] File [C:/Users/s218005/Documents/Git/Tower-Defence-Game/TowerDefence/Saved/Config/Windows/Engine.ini]
LogConfig: Setting CVar [[s.MinBulkDataSizeForAsyncLoading:131072]]
LogConfig: Setting CVar [[s.AsyncLoadingThreadEnabled:0]]
LogConfig: Setting CVar [[s.EventDrivenLoaderEnabled:1]]
LogConfig: Setting CVar [[s.WarnIfTimeLimitExceeded:0]]
LogConfig: Setting CVar [[s.TimeLimitExceededMultiplier:1.5]]
LogConfig: Setting CVar [[s.TimeLimitExceededMinTime:0.005]]
LogConfig: Setting CVar [[s.UseBackgroundLevelStreaming:1]]
LogConfig: Setting CVar [[s.PriorityAsyncLoadingExtraTime:15.0]]
LogConfig: Setting CVar [[s.LevelStreamingActorsUpdateTimeLimit:5.0]]
LogConfig: Setting CVar [[s.PriorityLevelStreamingActorsUpdateExtraTime:5.0]]
LogConfig: Setting CVar [[s.LevelStreamingComponentsRegistrationGranularity:10]]
LogConfig: Setting CVar [[s.UnregisterComponentsTimeLimit:1.0]]
LogConfig: Setting CVar [[s.LevelStreamingComponentsUnregistrationGranularity:5]]
LogConfig: Setting CVar [[s.FlushStreamingOnExit:1]]
LogInit: Object subsystem initialized
LogConfig: Setting CVar [[con.DebugEarlyDefault:1]]
LogConfig: Setting CVar [[r.setres:1280x720]]
[2023.06.22-15.49.37:827][  0]LogConfig: Setting CVar [[r.VSync:0]]
[2023.06.22-15.49.37:827][  0]LogConfig: Setting CVar [[r.RHICmdBypass:0]]
[2023.06.22-15.49.37:827][  0]LogConfig: Applying CVar settings from Section [/Script/Engine.RendererSettings] File [C:/Users/s218005/Documents/Git/Tower-Defence-Game/TowerDefence/Saved/Config/Windows/Engine.ini]
[2023.06.22-15.49.37:827][  0]LogConfig: Setting CVar [[r.GPUCrashDebugging:0]]
[2023.06.22-15.49.37:827][  0]LogConfig: Applying CVar settings from Section [/Script/Engine.RendererOverrideSettings] File [C:/Users/s218005/Documents/Git/Tower-Defence-Game/TowerDefence/Saved/Config/Windows/Engine.ini]
[2023.06.22-15.49.37:827][  0]LogConfig: Applying CVar settings from Section [/Script/Engine.StreamingSettings] File [C:/Users/s218005/Documents/Git/Tower-Defence-Game/TowerDefence/Saved/Config/Windows/Engine.ini]
[2023.06.22-15.49.37:827][  0]LogConfig: Setting CVar [[s.MinBulkDataSizeForAsyncLoading:131072]]
[2023.06.22-15.49.37:827][  0]LogConfig: Setting CVar [[s.AsyncLoadingThreadEnabled:0]]
[2023.06.22-15.49.37:827][  0]LogConfig: Setting CVar [[s.EventDrivenLoaderEnabled:1]]
[2023.06.22-15.49.37:827][  0]LogConfig: Setting CVar [[s.WarnIfTimeLimitExceeded:0]]
[2023.06.22-15.49.37:827][  0]LogConfig: Setting CVar [[s.TimeLimitExceededMultiplier:1.5]]
[2023.06.22-15.49.37:827][  0]LogConfig: Setting CVar [[s.TimeLimitExceededMinTime:0.005]]
[2023.06.22-15.49.37:828][  0]LogConfig: Setting CVar [[s.UseBackgroundLevelStreaming:1]]
[2023.06.22-15.49.37:828][  0]LogConfig: Setting CVar [[s.PriorityAsyncLoadingExtraTime:15.0]]
[2023.06.22-15.49.37:828][  0]LogConfig: Setting CVar [[s.LevelStreamingActorsUpdateTimeLimit:5.0]]
[2023.06.22-15.49.37:828][  0]LogConfig: Setting CVar [[s.PriorityLevelStreamingActorsUpdateExtraTime:5.0]]
[2023.06.22-15.49.37:828][  0]LogConfig: Setting CVar [[s.LevelStreamingComponentsRegistrationGranularity:10]]
[2023.06.22-15.49.37:828][  0]LogConfig: Setting CVar [[s.UnregisterComponentsTimeLimit:1.0]]
[2023.06.22-15.49.37:828][  0]LogConfig: Setting CVar [[s.LevelStreamingComponentsUnregistrationGranularity:5]]
[2023.06.22-15.49.37:828][  0]LogConfig: Setting CVar [[s.FlushStreamingOnExit:1]]
[2023.06.22-15.49.37:828][  0]LogConfig: Applying CVar settings from Section [/Script/Engine.GarbageCollectionSettings] File [C:/Users/s218005/Documents/Git/Tower-Defence-Game/TowerDefence/Saved/Config/Windows/Engine.ini]
[2023.06.22-15.49.37:828][  0]LogConfig: Setting CVar [[gc.MaxObjectsNotConsideredByGC:1]]
[2023.06.22-15.49.37:828][  0]LogConfig: Setting CVar [[gc.SizeOfPermanentObjectPool:0]]
[2023.06.22-15.49.37:828][  0]LogConfig: Setting CVar [[gc.FlushStreamingOnGC:0]]
[2023.06.22-15.49.37:828][  0]LogConfig: Setting CVar [[gc.NumRetriesBeforeForcingGC:10]]
[2023.06.22-15.49.37:828][  0]LogConfig: Setting CVar [[gc.AllowParallelGC:1]]
[2023.06.22-15.49.37:829][  0]LogConfig: Setting CVar [[gc.TimeBetweenPurgingPendingKillObjects:61.1]]
[2023.06.22-15.49.37:829][  0]LogConfig: Setting CVar [[gc.MaxObjectsInEditor:25165824]]
[2023.06.22-15.49.37:829][  0]LogConfig: Setting CVar [[gc.IncrementalBeginDestroyEnabled:1]]
[2023.06.22-15.49.37:829][  0]LogConfig: Setting CVar [[gc.CreateGCClusters:1]]
[2023.06.22-15.49.37:829][  0]LogConfig: Setting CVar [[gc.MinGCClusterSize:5]]
[2023.06.22-15.49.37:829][  0]LogConfig: Setting CVar [[gc.ActorClusteringEnabled:0]]
[2023.06.22-15.49.37:829][  0]LogConfig: Setting CVar [[gc.BlueprintClusteringEnabled:0]]
[2023.06.22-15.49.37:829][  0]LogConfig: Setting CVar [[gc.UseDisregardForGCOnDedicatedServers:0]]
[2023.06.22-15.49.37:829][  0]LogConfig: Setting CVar [[gc.MultithreadedDestructionEnabled:1]]
[2023.06.22-15.49.37:829][  0]LogConfig: Applying CVar settings from Section [/Script/Engine.NetworkSettings] File [C:/Users/s218005/Documents/Git/Tower-Defence-Game/TowerDefence/Saved/Config/Windows/Engine.ini]
[2023.06.22-15.49.37:829][  0]LogConfig: Applying CVar settings from Section [/Script/UnrealEd.CookerSettings] File [C:/Users/s218005/Documents/Git/Tower-Defence-Game/TowerDefence/Saved/Config/Windows/Engine.ini]
[2023.06.22-15.49.37:854][  0]LogConfig: Applying CVar settings from Section [ViewDistanceQuality@3] File [C:/Users/s218005/Documents/Git/Tower-Defence-Game/TowerDefence/Saved/Config/Windows/Scalability.ini]
[2023.06.22-15.49.37:855][  0]LogConfig: Setting CVar [[r.SkeletalMeshLODBias:0]]
[2023.06.22-15.49.37:855][  0]LogConfig: Setting CVar [[r.ViewDistanceScale:1.0]]
[2023.06.22-15.49.37:855][  0]LogConfig: Applying CVar settings from Section [AntiAliasingQuality@3] File [C:/Users/s218005/Documents/Git/Tower-Defence-Game/TowerDefence/Saved/Config/Windows/Scalability.ini]
[2023.06.22-15.49.37:855][  0]LogConfig: Setting CVar [[r.PostProcessAAQuality:4]]
[2023.06.22-15.49.37:855][  0]LogConfig: Applying CVar settings from Section [ShadowQuality@3] File [C:/Users/s218005/Documents/Git/Tower-Defence-Game/TowerDefence/Saved/Config/Windows/Scalability.ini]
[2023.06.22-15.49.37:855][  0]LogConfig: Setting CVar [[r.LightFunctionQuality:1]]
[2023.06.22-15.49.37:855][  0]LogConfig: Setting CVar [[r.ShadowQuality:5]]
[2023.06.22-15.49.37:855][  0]LogConfig: Setting CVar [[r.Shadow.CSM.MaxCascades:10]]
[2023.06.22-15.49.37:855][  0]LogConfig: Setting CVar [[r.Shadow.MaxResolution:2048]]
[2023.06.22-15.49.37:855][  0]LogConfig: Setting CVar [[r.Shadow.MaxCSMResolution:2048]]
[2023.06.22-15.49.37:855][  0]LogConfig: Setting CVar [[r.Shadow.RadiusThreshold:0.01]]
[2023.06.22-15.49.37:855][  0]LogConfig: Setting CVar [[r.Shadow.DistanceScale:1.0]]
[2023.06.22-15.49.37:855][  0]LogConfig: Setting CVar [[r.Shadow.CSM.TransitionScale:1.0]]
[2023.06.22-15.49.37:856][  0]LogConfig: Setting CVar [[r.Shadow.PreShadowResolutionFactor:1.0]]
[2023.06.22-15.49.37:856][  0]LogConfig: Setting CVar [[r.DistanceFieldShadowing:1]]
[2023.06.22-15.49.37:856][  0]LogConfig: Setting CVar [[r.DistanceFieldAO:1]]
[2023.06.22-15.49.37:856][  0]LogConfig: Setting CVar [[r.AOQuality:2]]
[2023.06.22-15.49.37:856][  0]LogConfig: Setting CVar [[r.VolumetricFog:1]]
[2023.06.22-15.49.37:856][  0]LogConfig: Setting CVar [[r.VolumetricFog.GridPixelSize:8]]
[2023.06.22-15.49.37:856][  0]LogConfig: Setting CVar [[r.VolumetricFog.GridSizeZ:128]]
[2023.06.22-15.49.37:856][  0]LogConfig: Setting CVar [[r.VolumetricFog.HistoryMissSupersampleCount:4]]
[2023.06.22-15.49.37:856][  0]LogConfig: Setting CVar [[r.LightMaxDrawDistanceScale:1]]
[2023.06.22-15.49.37:856][  0]LogConfig: Setting CVar [[r.CapsuleShadows:1]]
[2023.06.22-15.49.37:856][  0]LogConfig: Applying CVar settings from Section [PostProcessQuality@3] File [C:/Users/s218005/Documents/Git/Tower-Defence-Game/TowerDefence/Saved/Config/Windows/Scalability.ini]
[2023.06.22-15.49.37:856][  0]LogConfig: Setting CVar [[r.MotionBlurQuality:4]]
[2023.06.22-15.49.37:856][  0]LogConfig: Setting CVar [[r.AmbientOcclusionMipLevelFactor:0.4]]
[2023.06.22-15.49.37:857][  0]LogConfig: Setting CVar [[r.AmbientOcclusionMaxQuality:100]]
[2023.06.22-15.49.37:857][  0]LogConfig: Setting CVar [[r.AmbientOcclusionLevels:-1]]
[2023.06.22-15.49.37:857][  0]LogConfig: Setting CVar [[r.AmbientOcclusionRadiusScale:1.0]]
[2023.06.22-15.49.37:857][  0]LogConfig: Setting CVar [[r.DepthOfFieldQuality:2]]
[2023.06.22-15.49.37:857][  0]LogConfig: Setting CVar [[r.RenderTargetPoolMin:400]]
[2023.06.22-15.49.37:857][  0]LogConfig: Setting CVar [[r.LensFlareQuality:2]]
[2023.06.22-15.49.37:857][  0]LogConfig: Setting CVar [[r.SceneColorFringeQuality:1]]
[2023.06.22-15.49.37:857][  0]LogConfig: Setting CVar [[r.EyeAdaptationQuality:2]]
[2023.06.22-15.49.37:857][  0]LogConfig: Setting CVar [[r.BloomQuality:5]]
[2023.06.22-15.49.37:857][  0]LogConfig: Setting CVar [[r.FastBlurThreshold:100]]
[2023.06.22-15.49.37:857][  0]LogConfig: Setting CVar [[r.Upscale.Quality:3]]
[2023.06.22-15.49.37:857][  0]LogConfig: Setting CVar [[r.Tonemapper.GrainQuantization:1]]
[2023.06.22-15.49.37:858][  0]LogConfig: Setting CVar [[r.LightShaftQuality:1]]
[2023.06.22-15.49.37:858][  0]LogConfig: Setting CVar [[r.Filter.SizeScale:1]]
[2023.06.22-15.49.37:858][  0]LogConfig: Setting CVar [[r.Tonemapper.Quality:5]]
[2023.06.22-15.49.37:858][  0]LogConfig: Setting CVar [[r.DOF.Gather.AccumulatorQuality:1        ; higher gathering accumulator quality]]
[2023.06.22-15.49.37:858][  0]LogConfig: Setting CVar [[r.DOF.Gather.PostfilterMethod:1          ; Median3x3 postfilering method]]
[2023.06.22-15.49.37:858][  0]LogConfig: Setting CVar [[r.DOF.Gather.EnableBokehSettings:0       ; no bokeh simulation when gathering]]
[2023.06.22-15.49.37:858][  0]LogConfig: Setting CVar [[r.DOF.Gather.RingCount:4                 ; medium number of samples when gathering]]
[2023.06.22-15.49.37:858][  0]LogConfig: Setting CVar [[r.DOF.Scatter.ForegroundCompositing:1    ; additive foreground scattering]]
[2023.06.22-15.49.37:858][  0]LogConfig: Setting CVar [[r.DOF.Scatter.BackgroundCompositing:2    ; additive background scattering]]
[2023.06.22-15.49.37:858][  0]LogConfig: Setting CVar [[r.DOF.Scatter.EnableBokehSettings:1      ; bokeh simulation when scattering]]
[2023.06.22-15.49.37:858][  0]LogConfig: Setting CVar [[r.DOF.Scatter.MaxSpriteRatio:0.1         ; only a maximum of 10% of scattered bokeh]]
[2023.06.22-15.49.37:858][  0]LogConfig: Setting CVar [[r.DOF.Recombine.Quality:1                ; cheap slight out of focus]]
[2023.06.22-15.49.37:858][  0]LogConfig: Setting CVar [[r.DOF.Recombine.EnableBokehSettings:0    ; no bokeh simulation on slight out of focus]]
[2023.06.22-15.49.37:858][  0]LogConfig: Setting CVar [[r.DOF.TemporalAAQuality:1                ; more stable temporal accumulation]]
[2023.06.22-15.49.37:859][  0]LogConfig: Setting CVar [[r.DOF.Kernel.MaxForegroundRadius:0.025]]
[2023.06.22-15.49.37:859][  0]LogConfig: Setting CVar [[r.DOF.Kernel.MaxBackgroundRadius:0.025]]
[2023.06.22-15.49.37:859][  0]LogConfig: Applying CVar settings from Section [TextureQuality@3] File [C:/Users/s218005/Documents/Git/Tower-Defence-Game/TowerDefence/Saved/Config/Windows/Scalability.ini]
[2023.06.22-15.49.37:859][  0]LogConfig: Setting CVar [[r.Streaming.MipBias:0]]
[2023.06.22-15.49.37:859][  0]LogConfig: Setting CVar [[r.Streaming.AmortizeCPUToGPUCopy:0]]
[2023.06.22-15.49.37:859][  0]LogConfig: Setting CVar [[r.Streaming.MaxNumTexturesToStreamPerFrame:0]]
[2023.06.22-15.49.37:859][  0]LogConfig: Setting CVar [[r.Streaming.Boost:1]]
[2023.06.22-15.49.37:859][  0]LogConfig: Setting CVar [[r.MaxAnisotropy:8]]
[2023.06.22-15.49.37:859][  0]LogConfig: Setting CVar [[r.VT.MaxAnisotropy:8]]
[2023.06.22-15.49.37:859][  0]LogConfig: Setting CVar [[r.Streaming.LimitPoolSizeToVRAM:0]]
[2023.06.22-15.49.37:859][  0]LogConfig: Setting CVar [[r.Streaming.PoolSize:1000]]
[2023.06.22-15.49.37:859][  0]LogConfig: Setting CVar [[r.Streaming.MaxEffectiveScreenSize:0]]
[2023.06.22-15.49.37:859][  0]LogConfig: Applying CVar settings from Section [EffectsQuality@3] File [C:/Users/s218005/Documents/Git/Tower-Defence-Game/TowerDefence/Saved/Config/Windows/Scalability.ini]
[2023.06.22-15.49.37:860][  0]LogConfig: Setting CVar [[r.TranslucencyLightingVolumeDim:64]]
[2023.06.22-15.49.37:860][  0]LogConfig: Setting CVar [[r.RefractionQuality:2]]
[2023.06.22-15.49.37:860][  0]LogConfig: Setting CVar [[r.SSR.Quality:3]]
[2023.06.22-15.49.37:860][  0]LogConfig: Setting CVar [[r.SSR.HalfResSceneColor:0]]
[2023.06.22-15.49.37:860][  0]LogConfig: Setting CVar [[r.SceneColorFormat:4]]
[2023.06.22-15.49.37:860][  0]LogConfig: Setting CVar [[r.DetailMode:2]]
[2023.06.22-15.49.37:860][  0]LogConfig: Setting CVar [[r.TranslucencyVolumeBlur:1]]
[2023.06.22-15.49.37:860][  0]LogConfig: Setting CVar [[r.MaterialQualityLevel:1 ; High quality]]
[2023.06.22-15.49.37:860][  0]LogConfig: Setting CVar [[r.AnisotropicMaterials:1]]
[2023.06.22-15.49.37:860][  0]LogConfig: Setting CVar [[r.SSS.Scale:1]]
[2023.06.22-15.49.37:860][  0]LogConfig: Setting CVar [[r.SSS.SampleSet:2]]
[2023.06.22-15.49.37:860][  0]LogConfig: Setting CVar [[r.SSS.Quality:1]]
[2023.06.22-15.49.37:860][  0]LogConfig: Setting CVar [[r.SSS.HalfRes:0]]
[2023.06.22-15.49.37:861][  0]LogConfig: Setting CVar [[r.SSGI.Quality:3]]
[2023.06.22-15.49.37:861][  0]LogConfig: Setting CVar [[r.EmitterSpawnRateScale:1.0]]
[2023.06.22-15.49.37:861][  0]LogConfig: Setting CVar [[r.ParticleLightQuality:2]]
[2023.06.22-15.49.37:861][  0]LogConfig: Setting CVar [[r.SkyAtmosphere.AerialPerspectiveLUT.FastApplyOnOpaque:1 ; Always have FastSkyLUT 1 in this case to avoid wrong sky]]
[2023.06.22-15.49.37:861][  0]LogConfig: Setting CVar [[r.SkyAtmosphere.AerialPerspectiveLUT.SampleCountMaxPerSlice:4]]
[2023.06.22-15.49.37:861][  0]LogConfig: Setting CVar [[r.SkyAtmosphere.AerialPerspectiveLUT.DepthResolution:16.0]]
[2023.06.22-15.49.37:861][  0]LogConfig: Setting CVar [[r.SkyAtmosphere.FastSkyLUT:1]]
[2023.06.22-15.49.37:861][  0]LogConfig: Setting CVar [[r.SkyAtmosphere.FastSkyLUT.SampleCountMin:4.0]]
[2023.06.22-15.49.37:861][  0]LogConfig: Setting CVar [[r.SkyAtmosphere.FastSkyLUT.SampleCountMax:128.0]]
[2023.06.22-15.49.37:861][  0]LogConfig: Setting CVar [[r.SkyAtmosphere.SampleCountMin:4.0]]
[2023.06.22-15.49.37:861][  0]LogConfig: Setting CVar [[r.SkyAtmosphere.SampleCountMax:128.0]]
[2023.06.22-15.49.37:862][  0]LogConfig: Setting CVar [[r.SkyAtmosphere.TransmittanceLUT.UseSmallFormat:0]]
[2023.06.22-15.49.37:862][  0]LogConfig: Setting CVar [[r.SkyAtmosphere.TransmittanceLUT.SampleCount:10.0]]
[2023.06.22-15.49.37:862][  0]LogConfig: Setting CVar [[r.SkyAtmosphere.MultiScatteringLUT.SampleCount:15.0]]
[2023.06.22-15.49.37:862][  0]LogConfig: Setting CVar [[r.SkyLight.RealTimeReflectionCapture:1]]
[2023.06.22-15.49.37:862][  0]LogConfig: Applying CVar settings from Section [FoliageQuality@3] File [C:/Users/s218005/Documents/Git/Tower-Defence-Game/TowerDefence/Saved/Config/Windows/Scalability.ini]
[2023.06.22-15.49.37:862][  0]LogConfig: Setting CVar [[foliage.DensityScale:1.0]]
[2023.06.22-15.49.37:862][  0]LogConfig: Setting CVar [[grass.DensityScale:1.0]]
[2023.06.22-15.49.37:862][  0]LogConfig: Applying CVar settings from Section [ShadingQuality@3] File [C:/Users/s218005/Documents/Git/Tower-Defence-Game/TowerDefence/Saved/Config/Windows/Scalability.ini]
[2023.06.22-15.49.37:862][  0]LogConfig: Setting CVar [[r.HairStrands.SkyLighting.IntegrationType:2]]
[2023.06.22-15.49.37:862][  0]LogConfig: Setting CVar [[r.HairStrands.SkyAO.SampleCount:4]]
[2023.06.22-15.49.37:862][  0]LogConfig: Setting CVar [[r.HairStrands.Visibility.MSAA.SamplePerPixel:4]]
[2023.06.22-15.49.37:863][  0]LogInit: Selected Device Profile: [Windows]
[2023.06.22-15.49.37:863][  0]LogInit: Applying CVar settings loaded from the selected device profile: [Windows]
[2023.06.22-15.49.37:863][  0]LogHAL: Display: Platform has ~ 32 GB [34177232896 / 34359738368 / 32], which maps to Largest [LargestMinGB=32, LargerMinGB=12, DefaultMinGB=8, SmallerMinGB=6, SmallestMinGB=0)
[2023.06.22-15.49.37:863][  0]LogInit: Going up to parent DeviceProfile []
[2023.06.22-15.49.37:863][  0]LogConfig: Applying CVar settings from Section [ViewDistanceQuality@3] File [C:/Users/s218005/Documents/Git/Tower-Defence-Game/TowerDefence/Saved/Config/Windows/Scalability.ini]
[2023.06.22-15.49.37:863][  0]LogConfig: Setting CVar [[r.SkeletalMeshLODBias:0]]
[2023.06.22-15.49.37:863][  0]LogConfig: Setting CVar [[r.ViewDistanceScale:1.0]]
[2023.06.22-15.49.37:863][  0]LogConfig: Applying CVar settings from Section [AntiAliasingQuality@3] File [C:/Users/s218005/Documents/Git/Tower-Defence-Game/TowerDefence/Saved/Config/Windows/Scalability.ini]
[2023.06.22-15.49.37:863][  0]LogConfig: Setting CVar [[r.PostProcessAAQuality:4]]
[2023.06.22-15.49.37:863][  0]LogConfig: Applying CVar settings from Section [ShadowQuality@3] File [C:/Users/s218005/Documents/Git/Tower-Defence-Game/TowerDefence/Saved/Config/Windows/Scalability.ini]
[2023.06.22-15.49.37:863][  0]LogConfig: Setting CVar [[r.LightFunctionQuality:1]]
[2023.06.22-15.49.37:864][  0]LogConfig: Setting CVar [[r.ShadowQuality:5]]
[2023.06.22-15.49.37:864][  0]LogConfig: Setting CVar [[r.Shadow.CSM.MaxCascades:10]]
[2023.06.22-15.49.37:864][  0]LogConfig: Setting CVar [[r.Shadow.MaxResolution:2048]]
[2023.06.22-15.49.37:864][  0]LogConfig: Setting CVar [[r.Shadow.MaxCSMResolution:2048]]
[2023.06.22-15.49.37:864][  0]LogConfig: Setting CVar [[r.Shadow.RadiusThreshold:0.01]]
[2023.06.22-15.49.37:864][  0]LogConfig: Setting CVar [[r.Shadow.DistanceScale:1.0]]
[2023.06.22-15.49.37:864][  0]LogConfig: Setting CVar [[r.Shadow.CSM.TransitionScale:1.0]]
[2023.06.22-15.49.37:864][  0]LogConfig: Setting CVar [[r.Shadow.PreShadowResolutionFactor:1.0]]
[2023.06.22-15.49.37:864][  0]LogConfig: Setting CVar [[r.DistanceFieldShadowing:1]]
[2023.06.22-15.49.37:864][  0]LogConfig: Setting CVar [[r.DistanceFieldAO:1]]
[2023.06.22-15.49.37:865][  0]LogConfig: Setting CVar [[r.AOQuality:2]]
[2023.06.22-15.49.37:865][  0]LogConfig: Setting CVar [[r.VolumetricFog:1]]
[2023.06.22-15.49.37:865][  0]LogConfig: Setting CVar [[r.VolumetricFog.GridPixelSize:8]]
[2023.06.22-15.49.37:865][  0]LogConfig: Setting CVar [[r.VolumetricFog.GridSizeZ:128]]
[2023.06.22-15.49.37:865][  0]LogConfig: Setting CVar [[r.VolumetricFog.HistoryMissSupersampleCount:4]]
[2023.06.22-15.49.37:865][  0]LogConfig: Setting CVar [[r.LightMaxDrawDistanceScale:1]]
[2023.06.22-15.49.37:865][  0]LogConfig: Setting CVar [[r.CapsuleShadows:1]]
[2023.06.22-15.49.37:865][  0]LogConfig: Applying CVar settings from Section [PostProcessQuality@3] File [C:/Users/s218005/Documents/Git/Tower-Defence-Game/TowerDefence/Saved/Config/Windows/Scalability.ini]
[2023.06.22-15.49.37:865][  0]LogConfig: Setting CVar [[r.MotionBlurQuality:4]]
[2023.06.22-15.49.37:865][  0]LogConfig: Setting CVar [[r.AmbientOcclusionMipLevelFactor:0.4]]
[2023.06.22-15.49.37:865][  0]LogConfig: Setting CVar [[r.AmbientOcclusionMaxQuality:100]]
[2023.06.22-15.49.37:865][  0]LogConfig: Setting CVar [[r.AmbientOcclusionLevels:-1]]
[2023.06.22-15.49.37:865][  0]LogConfig: Setting CVar [[r.AmbientOcclusionRadiusScale:1.0]]
[2023.06.22-15.49.37:866][  0]LogConfig: Setting CVar [[r.DepthOfFieldQuality:2]]
[2023.06.22-15.49.37:866][  0]LogConfig: Setting CVar [[r.RenderTargetPoolMin:400]]
[2023.06.22-15.49.37:866][  0]LogConfig: Setting CVar [[r.LensFlareQuality:2]]
[2023.06.22-15.49.37:866][  0]LogConfig: Setting CVar [[r.SceneColorFringeQuality:1]]
[2023.06.22-15.49.37:866][  0]LogConfig: Setting CVar [[r.EyeAdaptationQuality:2]]
[2023.06.22-15.49.37:866][  0]LogConfig: Setting CVar [[r.BloomQuality:5]]
[2023.06.22-15.49.37:866][  0]LogConfig: Setting CVar [[r.FastBlurThreshold:100]]
[2023.06.22-15.49.37:866][  0]LogConfig: Setting CVar [[r.Upscale.Quality:3]]
[2023.06.22-15.49.37:866][  0]LogConfig: Setting CVar [[r.Tonemapper.GrainQuantization:1]]
[2023.06.22-15.49.37:866][  0]LogConfig: Setting CVar [[r.LightShaftQuality:1]]
[2023.06.22-15.49.37:866][  0]LogConfig: Setting CVar [[r.Filter.SizeScale:1]]
[2023.06.22-15.49.37:866][  0]LogConfig: Setting CVar [[r.Tonemapper.Quality:5]]
[2023.06.22-15.49.37:867][  0]LogConfig: Setting CVar [[r.DOF.Gather.AccumulatorQuality:1        ; higher gathering accumulator quality]]
[2023.06.22-15.49.37:867][  0]LogConfig: Setting CVar [[r.DOF.Gather.PostfilterMethod:1          ; Median3x3 postfilering method]]
[2023.06.22-15.49.37:867][  0]LogConfig: Setting CVar [[r.DOF.Gather.EnableBokehSettings:0       ; no bokeh simulation when gathering]]
[2023.06.22-15.49.37:867][  0]LogConfig: Setting CVar [[r.DOF.Gather.RingCount:4                 ; medium number of samples when gathering]]
[2023.06.22-15.49.37:867][  0]LogConfig: Setting CVar [[r.DOF.Scatter.ForegroundCompositing:1    ; additive foreground scattering]]
[2023.06.22-15.49.37:867][  0]LogConfig: Setting CVar [[r.DOF.Scatter.BackgroundCompositing:2    ; additive background scattering]]
[2023.06.22-15.49.37:867][  0]LogConfig: Setting CVar [[r.DOF.Scatter.EnableBokehSettings:1      ; bokeh simulation when scattering]]
[2023.06.22-15.49.37:867][  0]LogConfig: Setting CVar [[r.DOF.Scatter.MaxSpriteRatio:0.1         ; only a maximum of 10% of scattered bokeh]]
[2023.06.22-15.49.37:867][  0]LogConfig: Setting CVar [[r.DOF.Recombine.Quality:1                ; cheap slight out of focus]]
[2023.06.22-15.49.37:867][  0]LogConfig: Setting CVar [[r.DOF.Recombine.EnableBokehSettings:0    ; no bokeh simulation on slight out of focus]]
[2023.06.22-15.49.37:867][  0]LogConfig: Setting CVar [[r.DOF.TemporalAAQuality:1                ; more stable temporal accumulation]]
[2023.06.22-15.49.37:867][  0]LogConfig: Setting CVar [[r.DOF.Kernel.MaxForegroundRadius:0.025]]
[2023.06.22-15.49.37:868][  0]LogConfig: Setting CVar [[r.DOF.Kernel.MaxBackgroundRadius:0.025]]
[2023.06.22-15.49.37:868][  0]LogConfig: Applying CVar settings from Section [TextureQuality@3] File [C:/Users/s218005/Documents/Git/Tower-Defence-Game/TowerDefence/Saved/Config/Windows/Scalability.ini]
[2023.06.22-15.49.37:868][  0]LogConfig: Setting CVar [[r.Streaming.MipBias:0]]
[2023.06.22-15.49.37:868][  0]LogConfig: Setting CVar [[r.Streaming.AmortizeCPUToGPUCopy:0]]
[2023.06.22-15.49.37:868][  0]LogConfig: Setting CVar [[r.Streaming.MaxNumTexturesToStreamPerFrame:0]]
[2023.06.22-15.49.37:868][  0]LogConfig: Setting CVar [[r.Streaming.Boost:1]]
[2023.06.22-15.49.37:868][  0]LogConfig: Setting CVar [[r.MaxAnisotropy:8]]
[2023.06.22-15.49.37:868][  0]LogConfig: Setting CVar [[r.VT.MaxAnisotropy:8]]
[2023.06.22-15.49.37:868][  0]LogConfig: Setting CVar [[r.Streaming.LimitPoolSizeToVRAM:0]]
[2023.06.22-15.49.37:868][  0]LogConfig: Setting CVar [[r.Streaming.PoolSize:1000]]
[2023.06.22-15.49.37:868][  0]LogConfig: Setting CVar [[r.Streaming.MaxEffectiveScreenSize:0]]
[2023.06.22-15.49.37:868][  0]LogConfig: Applying CVar settings from Section [EffectsQuality@3] File [C:/Users/s218005/Documents/Git/Tower-Defence-Game/TowerDefence/Saved/Config/Windows/Scalability.ini]
[2023.06.22-15.49.37:869][  0]LogConfig: Setting CVar [[r.TranslucencyLightingVolumeDim:64]]
[2023.06.22-15.49.37:869][  0]LogConfig: Setting CVar [[r.RefractionQuality:2]]
[2023.06.22-15.49.37:869][  0]LogConfig: Setting CVar [[r.SSR.Quality:3]]
[2023.06.22-15.49.37:869][  0]LogConfig: Setting CVar [[r.SSR.HalfResSceneColor:0]]
[2023.06.22-15.49.37:869][  0]LogConfig: Setting CVar [[r.SceneColorFormat:4]]
[2023.06.22-15.49.37:869][  0]LogConfig: Setting CVar [[r.DetailMode:2]]
[2023.06.22-15.49.37:869][  0]LogConfig: Setting CVar [[r.TranslucencyVolumeBlur:1]]
[2023.06.22-15.49.37:869][  0]LogConfig: Setting CVar [[r.MaterialQualityLevel:1 ; High quality]]
[2023.06.22-15.49.37:869][  0]LogConfig: Setting CVar [[r.AnisotropicMaterials:1]]
[2023.06.22-15.49.37:869][  0]LogConfig: Setting CVar [[r.SSS.Scale:1]]
[2023.06.22-15.49.37:869][  0]LogConfig: Setting CVar [[r.SSS.SampleSet:2]]
[2023.06.22-15.49.37:869][  0]LogConfig: Setting CVar [[r.SSS.Quality:1]]
[2023.06.22-15.49.37:870][  0]LogConfig: Setting CVar [[r.SSS.HalfRes:0]]
[2023.06.22-15.49.37:870][  0]LogConfig: Setting CVar [[r.SSGI.Quality:3]]
[2023.06.22-15.49.37:870][  0]LogConfig: Setting CVar [[r.EmitterSpawnRateScale:1.0]]
[2023.06.22-15.49.37:870][  0]LogConfig: Setting CVar [[r.ParticleLightQuality:2]]
[2023.06.22-15.49.37:870][  0]LogConfig: Setting CVar [[r.SkyAtmosphere.AerialPerspectiveLUT.FastApplyOnOpaque:1 ; Always have FastSkyLUT 1 in this case to avoid wrong sky]]
[2023.06.22-15.49.37:870][  0]LogConfig: Setting CVar [[r.SkyAtmosphere.AerialPerspectiveLUT.SampleCountMaxPerSlice:4]]
[2023.06.22-15.49.37:870][  0]LogConfig: Setting CVar [[r.SkyAtmosphere.AerialPerspectiveLUT.DepthResolution:16.0]]
[2023.06.22-15.49.37:870][  0]LogConfig: Setting CVar [[r.SkyAtmosphere.FastSkyLUT:1]]
[2023.06.22-15.49.37:870][  0]LogConfig: Setting CVar [[r.SkyAtmosphere.FastSkyLUT.SampleCountMin:4.0]]
[2023.06.22-15.49.37:870][  0]LogConfig: Setting CVar [[r.SkyAtmosphere.FastSkyLUT.SampleCountMax:128.0]]
[2023.06.22-15.49.37:870][  0]LogConfig: Setting CVar [[r.SkyAtmosphere.SampleCountMin:4.0]]
[2023.06.22-15.49.37:870][  0]LogConfig: Setting CVar [[r.SkyAtmosphere.SampleCountMax:128.0]]
[2023.06.22-15.49.37:870][  0]LogConfig: Setting CVar [[r.SkyAtmosphere.TransmittanceLUT.UseSmallFormat:0]]
[2023.06.22-15.49.37:871][  0]LogConfig: Setting CVar [[r.SkyAtmosphere.TransmittanceLUT.SampleCount:10.0]]
[2023.06.22-15.49.37:871][  0]LogConfig: Setting CVar [[r.SkyAtmosphere.MultiScatteringLUT.SampleCount:15.0]]
[2023.06.22-15.49.37:871][  0]LogConfig: Setting CVar [[r.SkyLight.RealTimeReflectionCapture:1]]
[2023.06.22-15.49.37:871][  0]LogConfig: Applying CVar settings from Section [FoliageQuality@3] File [C:/Users/s218005/Documents/Git/Tower-Defence-Game/TowerDefence/Saved/Config/Windows/Scalability.ini]
[2023.06.22-15.49.37:871][  0]LogConfig: Setting CVar [[foliage.DensityScale:1.0]]
[2023.06.22-15.49.37:871][  0]LogConfig: Setting CVar [[grass.DensityScale:1.0]]
[2023.06.22-15.49.37:871][  0]LogConfig: Applying CVar settings from Section [ShadingQuality@3] File [C:/Users/s218005/Documents/Git/Tower-Defence-Game/TowerDefence/Saved/Config/Windows/Scalability.ini]
[2023.06.22-15.49.37:871][  0]LogConfig: Setting CVar [[r.HairStrands.SkyLighting.IntegrationType:2]]
[2023.06.22-15.49.37:871][  0]LogConfig: Setting CVar [[r.HairStrands.SkyAO.SampleCount:4]]
[2023.06.22-15.49.37:871][  0]LogConfig: Setting CVar [[r.HairStrands.Visibility.MSAA.SamplePerPixel:4]]
[2023.06.22-15.49.37:871][  0]LogConfig: Applying CVar settings from Section [Startup] File [../../../Engine/Config/ConsoleVariables.ini]
[2023.06.22-15.49.37:872][  0]LogConfig: Setting CVar [[net.UseAdaptiveNetUpdateFrequency:0]]
[2023.06.22-15.49.37:872][  0]LogConfig: Setting CVar [[p.chaos.AllowCreatePhysxBodies:1]]
[2023.06.22-15.49.37:872][  0]LogConfig: Setting CVar [[fx.SkipVectorVMBackendOptimizations:1]]
[2023.06.22-15.49.37:872][  0]LogConfig: Applying CVar settings from Section [ConsoleVariables] File [C:/Users/s218005/Documents/Git/Tower-Defence-Game/TowerDefence/Saved/Config/Windows/Engine.ini]
[2023.06.22-15.49.37:872][  0]LogConfig: Applying CVar settings from Section [ConsoleVariables] File [C:/Users/s218005/Documents/Git/Tower-Defence-Game/TowerDefence/Saved/Config/Windows/Editor.ini]
[2023.06.22-15.49.37:872][  0]LogInit: Computer: LAF-7D742E
[2023.06.22-15.49.37:872][  0]LogInit: User: s218005
[2023.06.22-15.49.37:872][  0]LogInit: CPU Page size=4096, Cores=6
[2023.06.22-15.49.37:872][  0]LogInit: High frequency timer resolution =10.000000 MHz
[2023.06.22-15.49.37:873][  0]LogMemory: Memory total: Physical=31.8GB (32GB approx)
[2023.06.22-15.49.37:873][  0]LogMemory: Platform Memory Stats for Windows
[2023.06.22-15.49.37:873][  0]LogMemory: Process Physical Memory: 144.43 MB used, 144.43 MB peak
[2023.06.22-15.49.37:873][  0]LogMemory: Process Virtual Memory: 122.80 MB used, 122.80 MB peak
[2023.06.22-15.49.37:873][  0]LogMemory: Physical Memory: 15672.14 MB used,  16921.81 MB free, 32593.95 MB total
[2023.06.22-15.49.37:873][  0]LogMemory: Virtual Memory: 134198168.00 MB used,  19563.59 MB free, 134217728.00 MB total
[2023.06.22-15.49.37:891][  0]LogWindows: WindowsPlatformFeatures enabled
[2023.06.22-15.49.38:059][  0]LogInit: Physics initialised using underlying interface: PhysX
[2023.06.22-15.49.38:063][  0]LogInit: Using OS detected language (en-US).
[2023.06.22-15.49.38:063][  0]LogInit: Using OS detected locale (en-US).
[2023.06.22-15.49.38:070][  0]LogTextLocalizationManager: No specific localization for 'en-US' exists, so the 'en' localization will be used.
[2023.06.22-15.49.38:338][  0]LogInit: Setting process to per monitor DPI aware
[2023.06.22-15.49.38:371][  0]LogWindowsTextInputMethodSystem: Display: IME system deactivated.
[2023.06.22-15.49.38:412][  0]LogSlate: New Slate User Created.  User Index 0, Is Virtual User: 0
[2023.06.22-15.49.38:412][  0]LogSlate: Slate User Registered.  User Index 0, Is Virtual User: 0
[2023.06.22-15.49.38:621][  0]LogD3D11RHI: Loaded GFSDK_Aftermath_Lib.x64.dll
[2023.06.22-15.49.38:626][  0]LogHMD: Failed to initialize OpenVR with code 110
[2023.06.22-15.49.38:626][  0]LogD3D11RHI: D3D11 min allowed feature level: 11_0
[2023.06.22-15.49.38:626][  0]LogD3D11RHI: D3D11 max allowed feature level: 11_0
[2023.06.22-15.49.38:626][  0]LogD3D11RHI: D3D11 adapters:
[2023.06.22-15.49.38:771][  0]LogD3D11RHI:    0. 'NVIDIA GeForce GTX 960' (Feature Level 11_0)
[2023.06.22-15.49.38:772][  0]LogD3D11RHI:       2007/0/16296 MB DedicatedVideo/DedicatedSystem/SharedSystem, Outputs:2, VendorId:0x10de
[2023.06.22-15.49.38:778][  0]LogD3D11RHI:    1. 'Microsoft Basic Render Driver' (Feature Level 11_0)
[2023.06.22-15.49.38:778][  0]LogD3D11RHI:       0/0/16296 MB DedicatedVideo/DedicatedSystem/SharedSystem, Outputs:0, VendorId:0x1414
[2023.06.22-15.49.38:778][  0]LogD3D11RHI: Chosen D3D11 Adapter:
[2023.06.22-15.49.38:778][  0]LogD3D11RHI:     Description : NVIDIA GeForce GTX 960
[2023.06.22-15.49.38:778][  0]LogD3D11RHI:     VendorId    : 10de
[2023.06.22-15.49.38:778][  0]LogD3D11RHI:     DeviceId    : 1401
[2023.06.22-15.49.38:778][  0]LogD3D11RHI:     SubSysId    : 1138196e
[2023.06.22-15.49.38:778][  0]LogD3D11RHI:     Revision    : 00a1
[2023.06.22-15.49.38:778][  0]LogD3D11RHI:     DedicatedVideoMemory : 2105212928 bytes
[2023.06.22-15.49.38:778][  0]LogD3D11RHI:     DedicatedSystemMemory : 0 bytes
[2023.06.22-15.49.38:778][  0]LogD3D11RHI:     SharedSystemMemory : 17088616448 bytes
[2023.06.22-15.49.38:779][  0]LogD3D11RHI:     AdapterLuid : 0 43079
[2023.06.22-15.49.38:788][  0]LogD3D11RHI: Creating new Direct3DDevice
[2023.06.22-15.49.38:788][  0]LogD3D11RHI:     GPU DeviceId: 0x1401 (for the marketing name, search the web for "GPU Device Id")
[2023.06.22-15.49.38:788][  0]LogWindows: EnumDisplayDevices:
[2023.06.22-15.49.38:788][  0]LogWindows:    0. 'NVIDIA GeForce GTX 960' (P:0 D:1)
[2023.06.22-15.49.38:788][  0]LogWindows:    1. 'NVIDIA GeForce GTX 960' (P:1 D:1)
[2023.06.22-15.49.38:789][  0]LogWindows:    2. 'NVIDIA GeForce GTX 960' (P:0 D:0)
[2023.06.22-15.49.38:789][  0]LogWindows:    3. 'NVIDIA GeForce GTX 960' (P:0 D:0)
[2023.06.22-15.49.38:789][  0]LogWindows: DebugString: FoundDriverCount:4 
[2023.06.22-15.49.38:789][  0]LogD3D11RHI:     Adapter Name: NVIDIA GeForce GTX 960
[2023.06.22-15.49.38:789][  0]LogD3D11RHI:   Driver Version: 516.94 (internal:31.0.15.1694, unified:516.94)
[2023.06.22-15.49.38:789][  0]LogD3D11RHI:      Driver Date: 7-21-2022
[2023.06.22-15.49.38:790][  0]LogRHI: Texture pool is 1405 MB (70% of 2007 MB)
[2023.06.22-15.49.38:790][  0]LogD3D11RHI: Creating D3DDevice using adapter:
[2023.06.22-15.49.38:790][  0]LogD3D11RHI:     Description : NVIDIA GeForce GTX 960
[2023.06.22-15.49.38:790][  0]LogD3D11RHI:     VendorId    : 10de
[2023.06.22-15.49.38:790][  0]LogD3D11RHI:     DeviceId    : 1401
[2023.06.22-15.49.38:790][  0]LogD3D11RHI:     SubSysId    : 1138196e
[2023.06.22-15.49.38:790][  0]LogD3D11RHI:     Revision    : 00a1
[2023.06.22-15.49.38:790][  0]LogD3D11RHI:     DedicatedVideoMemory : 2105212928 bytes
[2023.06.22-15.49.38:790][  0]LogD3D11RHI:     DedicatedSystemMemory : 0 bytes
[2023.06.22-15.49.38:790][  0]LogD3D11RHI:     SharedSystemMemory : 17088616448 bytes
[2023.06.22-15.49.38:790][  0]LogD3D11RHI:     AdapterLuid : 0 43079
[2023.06.22-15.49.38:874][  0]LogD3D11RHI: RHI has support for 64 bit atomics
[2023.06.22-15.49.38:875][  0]LogD3D11RHI: Async texture creation enabled
[2023.06.22-15.49.38:875][  0]LogD3D11RHI: Array index from any shader is supported
[2023.06.22-15.49.38:897][  0]LogD3D11RHI: GPU Timing Frequency: 1000.000000 (Debug: 2 1)
[2023.06.22-15.49.38:956][  0]LogRHI: GeForceNow SDK initialized: 1
[2023.06.22-15.49.39:363][  0]LogTargetPlatformManager: Display: Loaded TargetPlatform 'AllDesktop'
[2023.06.22-15.49.39:396][  0]LogTargetPlatformManager: Display: Loaded TargetPlatform 'Android'
[2023.06.22-15.49.39:397][  0]LogTargetPlatformManager: Display: Loaded TargetPlatform 'Android_ASTC'
[2023.06.22-15.49.39:397][  0]LogTargetPlatformManager: Display: Loaded TargetPlatform 'Android_DXT'
[2023.06.22-15.49.39:397][  0]LogTargetPlatformManager: Display: Loaded TargetPlatform 'Android_ETC2'
[2023.06.22-15.49.39:397][  0]LogTargetPlatformManager: Display: Loaded TargetPlatform 'AndroidClient'
[2023.06.22-15.49.39:397][  0]LogTargetPlatformManager: Display: Loaded TargetPlatform 'Android_ASTCClient'
[2023.06.22-15.49.39:397][  0]LogTargetPlatformManager: Display: Loaded TargetPlatform 'Android_DXTClient'
[2023.06.22-15.49.39:397][  0]LogTargetPlatformManager: Display: Loaded TargetPlatform 'Android_ETC2Client'
[2023.06.22-15.49.39:397][  0]LogTargetPlatformManager: Display: Loaded TargetPlatform 'Android_Multi'
[2023.06.22-15.49.39:397][  0]LogTargetPlatformManager: Display: Loaded TargetPlatform 'Android_MultiClient'
[2023.06.22-15.49.39:439][  0]LogTargetPlatformManager: Display: Loaded TargetPlatform 'IOSClient'
[2023.06.22-15.49.39:440][  0]LogTargetPlatformManager: Display: Loaded TargetPlatform 'IOS'
[2023.06.22-15.49.39:459][  0]LogTargetPlatformManager: Display: Loaded TargetPlatform 'Linux'
[2023.06.22-15.49.39:477][  0]LogTargetPlatformManager: Display: Loaded TargetPlatform 'LinuxNoEditor'
[2023.06.22-15.49.39:487][  0]LogTargetPlatformManager: Display: Loaded TargetPlatform 'LinuxClient'
[2023.06.22-15.49.39:496][  0]LogTargetPlatformManager: Display: Loaded TargetPlatform 'LinuxServer'
[2023.06.22-15.49.39:513][  0]LogTargetPlatformManager: Display: Loaded TargetPlatform 'LinuxAArch64NoEditor'
[2023.06.22-15.49.39:525][  0]LogTargetPlatformManager: Display: Loaded TargetPlatform 'LinuxAArch64Client'
[2023.06.22-15.49.39:535][  0]LogTargetPlatformManager: Display: Loaded TargetPlatform 'LinuxAArch64Server'
[2023.06.22-15.49.39:577][  0]LogTargetPlatformManager: Display: Loaded TargetPlatform 'Lumin'
[2023.06.22-15.49.39:577][  0]LogTargetPlatformManager: Display: Loaded TargetPlatform 'LuminClient'
[2023.06.22-15.49.39:593][  0]LogTargetPlatformManager: Display: Loaded TargetPlatform 'MacNoEditor'
[2023.06.22-15.49.39:609][  0]LogTargetPlatformManager: Display: Loaded TargetPlatform 'Mac'
[2023.06.22-15.49.39:624][  0]LogTargetPlatformManager: Display: Loaded TargetPlatform 'MacClient'
[2023.06.22-15.49.39:639][  0]LogTargetPlatformManager: Display: Loaded TargetPlatform 'MacServer'
[2023.06.22-15.49.39:655][  0]LogTargetPlatformManager: Display: Loaded TargetPlatform 'TVOSClient'
[2023.06.22-15.49.39:655][  0]LogTargetPlatformManager: Display: Loaded TargetPlatform 'TVOS'
[2023.06.22-15.49.39:674][  0]LogTargetPlatformManager: Display: Loaded TargetPlatform 'WindowsNoEditor'
[2023.06.22-15.49.39:689][  0]LogTargetPlatformManager: Display: Loaded TargetPlatform 'Windows'
[2023.06.22-15.49.39:703][  0]LogTargetPlatformManager: Display: Loaded TargetPlatform 'WindowsClient'
[2023.06.22-15.49.39:718][  0]LogTargetPlatformManager: Display: Loaded TargetPlatform 'WindowsServer'
[2023.06.22-15.49.39:718][  0]LogTargetPlatformManager: Display: Building Assets For Windows
[2023.06.22-15.49.39:751][  0]LogAudioDebug: Display: Lib vorbis DLL was dynamically loaded.
[2023.06.22-15.49.39:867][  0]LogTextureFormatOodle: Display: Oodle Texture 2.9.0 init RDO Off
[2023.06.22-15.49.39:993][  0]LogRendererCore: Ray tracing is disabled. Reason: r.RayTracing=0.
[2023.06.22-15.49.39:993][  0]LogShaderCompilers: Guid format shader working directory is -30 characters bigger than the processId version (../../../../../../Users/s218005/Documents/Git/Tower-Defence-Game/TowerDefence/Intermediate/Shaders/WorkingDirectory/23292/).
[2023.06.22-15.49.39:993][  0]LogShaderCompilers: Cleaned the shader compiler working directory 'C:/Users/s218005/AppData/Local/Temp/UnrealShaderWorkingDir/86710E03416D85FB0F1505A2A399EF22/'.
[2023.06.22-15.49.39:994][  0]LogXGEController: Cannot use XGE Controller as Incredibuild is not installed on this machine.
[2023.06.22-15.49.39:994][  0]LogShaderCompilers: Cannot use XGE Shader Compiler as Incredibuild is not installed on this machine.
[2023.06.22-15.49.39:994][  0]LogShaderCompilers: Display: Using Local Shader Compiler.
[2023.06.22-15.49.41:052][  0]LogDerivedDataCache: Display: Max Cache Size: 512 MB
[2023.06.22-15.49.41:149][  0]LogDerivedDataCache: Loaded boot cache 0.10s 131MB C:/Users/s218005/AppData/Local/UnrealEngine/4.27/DerivedDataCache/Boot.ddc.
[2023.06.22-15.49.41:149][  0]LogDerivedDataCache: Display: Loaded Boot cache: C:/Users/s218005/AppData/Local/UnrealEngine/4.27/DerivedDataCache/Boot.ddc
[2023.06.22-15.49.41:149][  0]LogDerivedDataCache: FDerivedDataBackendGraph:  Pak pak cache file ../../../../../../Users/s218005/Documents/Git/Tower-Defence-Game/TowerDefence/DerivedDataCache/DDC.ddp not found, will not use a pak cache.
[2023.06.22-15.49.41:149][  0]LogDerivedDataCache: Unable to find inner node Pak for hierarchical cache Hierarchy.
[2023.06.22-15.49.41:149][  0]LogDerivedDataCache: FDerivedDataBackendGraph:  CompressedPak pak cache file ../../../../../../Users/s218005/Documents/Git/Tower-Defence-Game/TowerDefence/DerivedDataCache/Compressed.ddp not found, will not use a pak cache.
[2023.06.22-15.49.41:149][  0]LogDerivedDataCache: Unable to find inner node CompressedPak for hierarchical cache Hierarchy.
[2023.06.22-15.49.41:171][  0]LogDerivedDataCache: Display: Pak cache opened for reading ../../../Engine/DerivedDataCache/Compressed.ddp.
[2023.06.22-15.49.41:172][  0]LogDerivedDataCache: FDerivedDataBackendGraph:  EnterprisePak pak cache file ../../../Enterprise/DerivedDataCache/Compressed.ddp not found, will not use a pak cache.
[2023.06.22-15.49.41:172][  0]LogDerivedDataCache: Unable to find inner node EnterprisePak for hierarchical cache Hierarchy.
[2023.06.22-15.49.41:180][  0]LogDerivedDataCache: Speed tests for C:/Users/s218005/AppData/Local/UnrealEngine/Common/DerivedDataCache took 0.01 seconds
[2023.06.22-15.49.41:183][  0]LogDerivedDataCache: Display: Performance to C:/Users/s218005/AppData/Local/UnrealEngine/Common/DerivedDataCache: Latency=0.03ms. RandomReadSpeed=1044.01MBs, RandomWriteSpeed=131.66MBs. Assigned SpeedClass 'Local'
[2023.06.22-15.49.41:188][  0]LogDerivedDataCache: Using Local data cache path C:/Users/s218005/AppData/Local/UnrealEngine/Common/DerivedDataCache: Writable
[2023.06.22-15.49.41:189][  0]LogDerivedDataCache: Shared data cache path not found in *engine.ini, will not use an Shared cache.
[2023.06.22-15.49.41:189][  0]LogDerivedDataCache: Unable to find inner node Shared for hierarchical cache Hierarchy.
[2023.06.22-15.49.41:255][  0]LogSlate: Using FreeType 2.10.0
[2023.06.22-15.49.41:256][  0]LogSlate: SlateFontServices - WITH_FREETYPE: 1, WITH_HARFBUZZ: 1
[2023.06.22-15.49.41:293][  0]LogAssetRegistry: FAssetRegistry took 0.0048 seconds to start up
[2023.06.22-15.49.41:650][  0]LogInit: Selected Device Profile: [Windows]
[2023.06.22-15.49.41:651][  0]LogInit: Active device profile: [000001F322A79100][000001F31F3DE240 49] Windows
[2023.06.22-15.49.41:651][  0]LogInit: Profiles: [000001F322A79100][000001F31F3DE240 49] Windows, [000001F322A2E700][000001F31F3E63C0 49] WindowsNoEditor, [000001F322A7A200][000001F31F3EA540 49] WindowsServer, [000001F322A2D900][000001F31F3EE6C0 49] WindowsClient, [000001F322A79700][000001F32085A840 49] IOS, [000001F322A2E900][000001F31F3E2980 49] iPadAir, [000001F322A7BC00][000001F321B78AC0 49] iPadAir2, [000001F322921400][000001F320582D00 49] IPadPro, [000001F322921500][000001F32057ED40 49] iPadAir3, [000001F322A2FA00][000001F32058AEC0 49] iPadAir4, [000001F322922300][000001F32058F040 49] iPadMini2, [000001F322A2F100][000001F3205971C0 49] iPadMini3, [000001F322922F00][000001F3205AB340 49] iPadMini4, [000001F322A2DE00][000001F3205AF4C0 49] iPadMini5, [000001F322969000][000001F31F3FB780 49] iPhone6, [000001F322969100][000001F31F3F37C0 49] iPodTouch6, [000001F322A7B900][000001F31F447A80 49] iPhone7, [000001F322A7A900][000001F31F433AC0 49] iPodTouch7, [000001F322921000][000001F31F4600C0 49] iPhone5S, [000001F322A7AF00][000001F31E2A2240 49] iPhone6Plus, [000001F322923600][000001F31E2A63C0 49] iPhone6S, [000001F322A78C00][000001F31E2AA540 49] iPhone6SPlus, [000001F322A79D00][000001F31E2AE6C0 49] iPhone7Plus, [000001F322968800][000001F31E2B2840 49] iPhoneSE, [000001F322A78400][000001F31E2B69C0 49] iPhone8, [000001F322968900][000001F31E2BAB40 49] iPhone8Plus, [000001F32296AE00][000001F320586C80 49] iPhoneX, [000001F322921D00][000001F31E2BEDC0 49] iPhoneXS, [000001F32296A700][000001F31D11EF00 49] iPhoneXSMax, [000001F322921C00][000001F3230BB080 49] iPhoneXR, [000001F32296A800][000001F3230BF200 49] iPhone11, [000001F322920F00][000001F3230C3380 49] iPhone11Pro, [000001F322968B00][000001F3230C7500 49] iPhone11ProMax, [000001F322920D00][000001F3230CB680 49] iPhoneSE2, [000001F322968E00][000001F321CB3800 49] iPhone12Mini, [000001F322A7B800][000001F321CB7980 49] iPhone12, [000001F32296B000][000001F321CBBB00 49] iPhone12Pro, [000001F322A7B700][000001F31D12E100 49] iPhone12ProMax, [000001F322969E00][000001F322D0C280 49] iPadPro105, [000001F322A79300][000001F322D14400 49] iPadPro129, [000001F32296BE00][000001F322E32580 49] iPadPro97, [000001F322A79C00][000001F322E40700 49] iPadPro2_129, [000001F32296A000][000001F322E44880 49] iPad5, [000001F322A7A300][000001F322E48A00 49] iPad6, [000001F32296BB00][000001F322E4CB80 49] iPad7, [000001F322A79E00][000001F322E50D00 49] iPad8, [000001F322968A00][000001F3230B6E40 49] iPadPro11, [000001F322A7A600][000001F322E54F80 49] iPadPro2_11, [000001F322968F00][000001F31D0AF0C0 49] iPadPro3_129, [000001F322A7A800][000001F31D0B7240 49] iPadPro4_129, [000001F32296BC00][000001F31D0FB3C0 49] AppleTV, [000001F322A79A00][000001F322F05540 49] AppleTV4K, [000001F32296A600][000001F322F096C0 49] TVOS, [000001F322A7A100][000001F322F11840 49] Mac, [000001F32296AF00][000001F322F159C0 49] MacClient, [000001F322A7AA00][000001F31D0FFB40 49] MacNoEditor, [000001F32296AC00][000001F31D102140 49] MacServer, [000001F322A7B000][000001F31D1062C0 49] Linux, [000001F322968400][000001F31D10A440 49] LinuxAArch64, [000001F322A78700][000001F31D10E5C0 49] LinuxNoEditor, [000001F32296B700][000001F322F0C740 49] LinuxAArch64NoEditor, [000001F322A7BB00][000001F3233C48C0 49] LinuxClient, [000001F32296B400][000001F32305EA40 49] LinuxAArch64Client, [000001F322A7BE00][000001F323062BC0 49] LinuxServer, [000001F322968700][000001F321CAED40 49] LinuxAArch64Server, [000001F322A79F00][000001F31F3F6EC0 49] Android, [000001F32296AA00][000001F31D0B3000 49] Android_Low, [000001F322A7AD00][000001F31F3FF140 49] Android_Mid, [000001F322969F00][000001F323067280 49] Android_High, [000001F322A7AB00][000001F32306B3C0 49] Android_Default, [000001F322968100][000001F323073540 49] Android_Adreno4xx, [000001F322A78500][000001F3230776C0 49] Android_Adreno5xx_Low, [000001F322969400][000001F32307B840 49] Android_Adreno5xx, [000001F322A7B400][000001F32307F9C0 49] Android_Adreno6xx, [000001F32296A300][000001F323083B40 49] Android_Adreno6xx_Vulkan, [000001F322A7BD00][000001F321C4E140 49] Android_Mali_T6xx, [000001F322968200][000001F321C522C0 49] Android_Mali_T7xx, [000001F322A7B600][000001F321C56440 49] Android_Mali_T8xx, [000001F32296B200][000001F321C5A5C0 49] Android_Mali_G71, [000001F322923100][000001F321C5E740 49] Android_Mali_G72, [000001F322A2EF00][000001F321C628C0 49] Android_Mali_G72_Vulkan, [000001F322922B00][000001F321C66A40 49] Android_Mali_G76, [000001F322A2C500][000001F321C6ABC0 49] Android_Mali_G76_Vulkan, [000001F322920C00][000001F321C6ED40 49] Android_Mali_G77, [000001F322A2C600][000001F321C72EC0 49] Android_Mali_G77_Vulkan, [000001F322922400][000001F321C77040 49] Android_Mali_G78, [000001F322A2CD00][000001F32306F180 49] Android_Mali_G78_Vulkan, [000001F322923D00][000001F321C7B2C0 49] Android_Mali_G710, [000001F322A2EB00][000001F321C7F400 49] Android_Mali_G710_Vulkan, [000001F322922A00][000001F321C83540 49] Android_Vulkan_SM5, [000001F322A2DA00][000001F321B816C0 49] Android_PowerVR_G6xxx, [000001F322920500][000001F321B85840 49] Android_PowerVR_GT7xxx, [000001F322A2C200][000001F321B899C0 49] Android_PowerVR_GE8xxx, [000001F322923B00][000001F321B8DB40 49] Android_PowerVR_GM9xxx, [000001F322A2E100][000001F321B90140 49] Android_PowerVR_GM9xxx_Vulkan, [000001F322921F00][000001F321B942C0 49] Android_TegraK1, [000001F322A2CA00][000001F321B98440 49] Android_Unknown_Vulkan, [000001F322923900][000001F321B9C5C0 49] Lumin, [000001F322A2D100][000001F321BA0740 49] Lumin_Desktop, [000001F322922000][000001F321BA48C0 49] HoloLens, 
[2023.06.22-15.49.41:907][  0]LogMeshReduction: Using QuadricMeshReduction for automatic static mesh reduction
[2023.06.22-15.49.41:907][  0]LogMeshReduction: Using SimplygonMeshReduction for automatic skeletal mesh reduction
[2023.06.22-15.49.41:907][  0]LogMeshReduction: Using ProxyLODMeshReduction for automatic mesh merging
[2023.06.22-15.49.41:907][  0]LogMeshReduction: No distributed automatic mesh merging module available
[2023.06.22-15.49.41:907][  0]LogMeshMerging: No distributed automatic mesh merging module available
[2023.06.22-15.49.41:939][  0]LogNetVersion: TowerDefence 1.0.0, NetCL: 17155196, EngineNetVer: 17, GameNetVer: 0 (Checksum: 1740119729)
[2023.06.22-15.49.42:425][  0]LogTexture: Default maximum texture size for cubemaps generated from long-lat sources has been changed from 512 to unlimited. In order to preserve old behaiour for '/Engine/MapTemplates/Sky/DaylightAmbientCubemap.DaylightAmbientCubemap', its maximum texture size has been explicitly set to 512.
[2023.06.22-15.49.42:500][  0]LogHMD: PokeAHoleMaterial loaded successfully
[2023.06.22-15.49.42:510][  0]LogUObjectArray: 17178 objects as part of root set at end of initial load.
[2023.06.22-15.49.42:510][  0]LogUObjectAllocator: 4302048 out of 0 bytes used by permanent object pool.
[2023.06.22-15.49.42:510][  0]LogUObjectArray: CloseDisregardForGC: 0/0 objects in disregard for GC pool
[2023.06.22-15.49.43:197][  0]LogPython: Using Python 3.7.7
[2023.06.22-15.49.43:909][  0]LogNiagaraDebuggerClient: Niagara Debugger Client Initialized | Session: 849BB2494D62EC3DE9D626BCCA08550D | Instance: 035B303447C3DAF5AF03ABA3FA44A596 (LAF-7D742E-23292).
[2023.06.22-15.49.44:333][  0]LogUdpMessaging: Initializing bridge on interface 0.0.0.0:0 to multicast group 230.0.0.1:6666.
[2023.06.22-15.49.44:370][  0]LogTcpMessaging: Initializing TcpMessaging bridge
[2023.06.22-15.49.45:802][  0]LogOpenImageDenoise: OIDN starting up
[2023.06.22-15.49.46:044][  0]LogAndroidPermission: UAndroidPermissionCallbackProxy::GetInstance
[2023.06.22-15.49.46:132][  0]LogAudioCaptureCore: Display: No Audio Capture implementations found. Audio input will be silent.
[2023.06.22-15.49.46:132][  0]LogAudioCaptureCore: Display: No Audio Capture implementations found. Audio input will be silent.
[2023.06.22-15.49.46:498][  0]SourceControl: Source control is disabled
[2023.06.22-15.49.46:499][  0]SourceControl: Source control is disabled
[2023.06.22-15.49.46:517][  0]SourceControl: Source control is disabled
[2023.06.22-15.49.46:528][  0]SourceControl: Source control is disabled
[2023.06.22-15.49.46:551][  0]SourceControl: Source control is disabled
[2023.06.22-15.49.46:580][  0]LogUProjectInfo: Found projects:
[2023.06.22-15.49.46:621][  0]LogCollectionManager: Loaded 0 collections in 0.002823 seconds
[2023.06.22-15.49.46:693][  0]LogFileCache: Scanning file cache for directory 'C:/Users/s218005/Documents/Git/Tower-Defence-Game/TowerDefence/Saved/Collections/' took 0.00s
[2023.06.22-15.49.46:693][  0]LogFileCache: Scanning file cache for directory 'C:/Users/s218005/Documents/Git/Tower-Defence-Game/TowerDefence/Content/Developers/s218005/Collections/' took 0.00s
[2023.06.22-15.49.46:693][  0]LogFileCache: Scanning file cache for directory 'C:/Users/s218005/Documents/Git/Tower-Defence-Game/TowerDefence/Content/Collections/' took 0.00s
[2023.06.22-15.49.46:693][  0]LogOcInput: OculusInput pre-init called
[2023.06.22-15.49.47:069][  0]LogEngine: Initializing Engine...
[2023.06.22-15.49.47:073][  0]LogHMD: Failed to enumerate extensions. Please check that you have a valid OpenXR runtime installed.
[2023.06.22-15.49.47:074][  0]LogHMD: Failed to initialize OpenVR with code 110
[2023.06.22-15.49.47:074][  0]LogMagicLeap: Warning: VR disabled because ZI is not enabled.  To enable, in the editor, Edit -> Project Settings -> Plugins -> Magic Leap Plugin -> Enable Zero Iteration
[2023.06.22-15.49.47:075][  0]LogStats: UGameplayTagsManager::InitializeManager -  0.000 s
[2023.06.22-15.49.47:227][  0]LogInit: Initializing FReadOnlyCVARCache
[2023.06.22-15.49.47:248][  0]LogAIModule: Creating AISystem for world Untitled
[2023.06.22-15.49.47:262][  0]LogAudio: Display: Initializing Audio Device Manager...
[2023.06.22-15.49.47:277][  0]LogAudio: Display: Loading Default Audio Settings Objects...
[2023.06.22-15.49.47:278][  0]LogAudio: Display: No default SoundConcurrencyObject specified (or failed to load).
[2023.06.22-15.49.47:279][  0]LogAudio: Display: Audio Device Manager Initialized
[2023.06.22-15.49.47:279][  0]LogAudio: Display: Creating Audio Device:                 Id: 1, Scope: Shared, Realtime: True
[2023.06.22-15.49.47:279][  0]LogAudioMixer: Display: Audio Mixer Platform Settings:
[2023.06.22-15.49.47:279][  0]LogAudioMixer: Display: 	Sample Rate:						  48000
[2023.06.22-15.49.47:279][  0]LogAudioMixer: Display: 	Callback Buffer Frame Size Requested: 1024
[2023.06.22-15.49.47:279][  0]LogAudioMixer: Display: 	Callback Buffer Frame Size To Use:	  1024
[2023.06.22-15.49.47:279][  0]LogAudioMixer: Display: 	Number of buffers to queue:			  2
[2023.06.22-15.49.47:279][  0]LogAudioMixer: Display: 	Max Channels (voices):				  32
[2023.06.22-15.49.47:279][  0]LogAudioMixer: Display: 	Number of Async Source Workers:		  0
[2023.06.22-15.49.47:280][  0]LogAudio: Display: AudioDevice MaxSources: 32
[2023.06.22-15.49.47:280][  0]LogAudio: Display: Audio Spatialization Plugin: None (built-in).
[2023.06.22-15.49.47:280][  0]LogAudio: Display: Audio Reverb Plugin: None (built-in).
[2023.06.22-15.49.47:280][  0]LogAudio: Display: Audio Occlusion Plugin: None (built-in).
[2023.06.22-15.49.47:280][  0]LogAudioMixer: Display: Initializing audio mixer.
[2023.06.22-15.49.47:303][  0]LogAudioMixer: Display: 0: FrontLeft
[2023.06.22-15.49.47:303][  0]LogAudioMixer: Display: 1: FrontRight
[2023.06.22-15.49.47:345][  0]LogAudioMixer: Display: Using Audio Device Speakers (Razer USB Sound Card)
[2023.06.22-15.49.47:352][  0]LogAudioMixer: Display: Initializing Sound Submixes...
[2023.06.22-15.49.47:355][  0]LogAudioMixer: Display: Creating Master Submix 'MasterSubmixDefault'
[2023.06.22-15.49.47:355][  0]LogAudioMixer: Display: Creating Master Submix 'MasterReverbSubmixDefault'
[2023.06.22-15.49.47:357][  0]LogAudioMixer: Display: Creating Master Submix 'MasterEQSubmixDefault'
[2023.06.22-15.49.47:357][  0]LogAudioMixer: FMixerPlatformXAudio2::StartAudioStream() called
[2023.06.22-15.49.47:357][  0]LogAudioMixer: Display: Output buffers initialized: Frames=1024, Channels=2, Samples=2048
[2023.06.22-15.49.47:359][  0]LogAudioMixer: Display: Starting AudioMixerPlatformInterface::RunInternal()
[2023.06.22-15.49.47:359][  0]LogAudioMixer: Display: FMixerPlatformXAudio2::SubmitBuffer() called for the first time
[2023.06.22-15.49.47:359][  0]LogInit: FAudioDevice initialized.
[2023.06.22-15.49.47:360][  0]LogAudio: Display: Audio Device (ID: 1) registered with world 'Untitled'.
[2023.06.22-15.49.47:360][  0]LogNetVersion: Set ProjectVersion to 1.0.0.0. Version Checksum will be recalculated on next use.
[2023.06.22-15.49.47:451][  0]LogDerivedDataCache: Saved boot cache 0.09s 103MB C:/Users/s218005/AppData/Local/UnrealEngine/4.27/DerivedDataCache/Boot.ddc.
[2023.06.22-15.49.47:452][  0]LogInit: Texture streaming: Enabled
[2023.06.22-15.49.47:503][  0]LogAnalytics: Display: [UEEditor.Rocket.Release] APIServer = https://datarouter.ol.epicgames.com/. AppVersion = 4.27.2-18319896+++UE4+Release-4.27
[2023.06.22-15.49.47:512][  0]LogEngineSessionManager: EngineSessionManager initialized
[2023.06.22-15.49.47:512][  0]LogEditorSessionSummary: Verbose: Initializing EditorSessionSummaryWriter for editor session tracking
[2023.06.22-15.49.47:519][  0]LogEditorSessionSummary: EditorSessionSummaryWriter initialized
[2023.06.22-15.49.47:565][  0]LogInit: Transaction tracking system initialized
[2023.06.22-15.49.47:648][  0]BlueprintLog: New page: Editor Load
[2023.06.22-15.49.47:861][  0]LocalizationService: Localization service is disabled
[2023.06.22-15.49.47:945][  0]TimingProfiler: Initialize
[2023.06.22-15.49.47:945][  0]TimingProfiler: OnSessionChanged
[2023.06.22-15.49.47:945][  0]LoadingProfiler: Initialize
[2023.06.22-15.49.47:945][  0]LoadingProfiler: OnSessionChanged
[2023.06.22-15.49.47:945][  0]NetworkingProfiler: Initialize
[2023.06.22-15.49.47:946][  0]NetworkingProfiler: OnSessionChanged
[2023.06.22-15.49.47:946][  0]MemoryProfiler: Initialize
[2023.06.22-15.49.47:946][  0]MemoryProfiler: OnSessionChanged
[2023.06.22-15.49.48:233][  0]LogCook: Display: CookSettings for Memory: MemoryMaxUsedVirtual 0MiB, MemoryMaxUsedPhysical 16384MiB, MemoryMinFreeVirtual 0MiB, MemoryMinFreePhysical 1024MiB
[2023.06.22-15.49.48:233][  0]LogCook: Display: Mobile HDR setting 1
[2023.06.22-15.49.48:681][  0]LogFileCache: Scanning file cache for directory 'C:/Users/s218005/Documents/Git/Tower-Defence-Game/TowerDefence/Content/' took 0.01s
[2023.06.22-15.49.49:277][  0]LogInit: Display: Engine is initialized. Leaving FEngineLoop::Init()
[2023.06.22-15.49.49:281][  0]SourceControl: Source control is disabled
[2023.06.22-15.49.49:281][  0]LogUnrealEdMisc: Loading editor; pre map load, took 14.077
[2023.06.22-15.49.49:281][  0]Cmd: MAP LOAD FILE="../../../../../../Users/s218005/Documents/Git/Tower-Defence-Game/TowerDefence/Content/TopDownCPP/Maps/TopDownExampleMap.umap" TEMPLATE=0 SHOWPROGRESS=1 FEATURELEVEL=3
[2023.06.22-15.49.49:282][  0]LightingResults: New page: Lighting Build
[2023.06.22-15.49.49:283][  0]LogWorld: UWorld::CleanupWorld for Untitled, bSessionEnded=true, bCleanupResources=true
[2023.06.22-15.49.49:283][  0]LogSlate: InvalidateAllWidgets triggered.  All widgets were invalidated
[2023.06.22-15.49.49:284][  0]MapCheck: New page: Map Check
[2023.06.22-15.49.49:284][  0]LightingResults: New page: Lighting Build
[2023.06.22-15.49.49:290][  0]LogAudio: Display: Audio Device unregistered from world 'None'.
[2023.06.22-15.49.49:295][  0]LogUObjectHash: Compacting FUObjectHashTables data took   1.57ms
[2023.06.22-15.49.49:363][  0]LogTexture: Display: Building textures: DeprecatedTexture1C2275DB4506BBF8D9D185B8BB421FE1 (BGRA8, 128X128)
[2023.06.22-15.49.49:372][  0]LogAudio: Display: Audio Device (ID: 1) registered with world 'TopDownExampleMap'.
[2023.06.22-15.49.49:373][  0]LogAIModule: Creating AISystem for world TopDownExampleMap
[2023.06.22-15.49.49:378][  0]LogEditorServer: Finished looking for orphan Actors (0.000 secs)
[2023.06.22-15.49.49:391][  0]LogUObjectHash: Compacting FUObjectHashTables data took   1.10ms
[2023.06.22-15.49.49:391][  0]Cmd: MAP CHECKDEP NOCLEARLOG
[2023.06.22-15.49.49:392][  0]MapCheck: Map check complete: 0 Error(s), 0 Warning(s), took 0.191ms to complete.
[2023.06.22-15.49.49:392][  0]LogFileHelpers: Loading map 'TopDownExampleMap' took 0.111
[2023.06.22-15.49.49:395][  0]LogUnrealEdMisc: Total Editor Startup Time, took 14.191
[2023.06.22-15.49.49:550][  0]LogSlate: Updating window title bar state: overlay mode, drag disabled, window buttons hidden, title bar hidden
[2023.06.22-15.49.49:561][  0]LogSlate: Updating window title bar state: overlay mode, drag disabled, window buttons hidden, title bar hidden
[2023.06.22-15.49.49:569][  0]LogSlate: Updating window title bar state: overlay mode, drag disabled, window buttons hidden, title bar hidden
[2023.06.22-15.49.49:577][  0]LogSlate: Updating window title bar state: overlay mode, drag disabled, window buttons hidden, title bar hidden
[2023.06.22-15.49.49:593][  0]LogNativeClassHierarchy: Verbose: Native class hierarchy populated in 0.0111 seconds. Added 3825 classes and 930 folders.
[2023.06.22-15.49.49:601][  0]LogNativeClassHierarchy: Verbose: Native class hierarchy updated for 'WidgetCarousel' in 0.0005 seconds. Added 0 classes and 0 folders.
[2023.06.22-15.49.49:603][  0]LogPakFile: PakFile PrimaryIndexSize=187
[2023.06.22-15.49.49:603][  0]LogPakFile: PakFile PathHashIndexSize=101
[2023.06.22-15.49.49:603][  0]LogPakFile: PakFile FullDirectoryIndexSize=148
[2023.06.22-15.49.49:603][  0]LogShaderLibrary: Display: ShaderCodeLibraryPakFileMountedCallback: PakFile 'C:/Program Files/Epic Games/UE_4.27/FeaturePacks/FP_FirstPerson.upack' (chunk index -1, root 'root:/') mounted
[2023.06.22-15.49.49:603][  0]LogShaderLibrary: Display: ShaderCodeLibraryPakFileMountedCallback: pending pak file info (ChunkID:-1 Root:root:/ File:C:/Program Files/Epic Games/UE_4.27/FeaturePacks/FP_FirstPerson.upack)
[2023.06.22-15.49.49:604][  0]LogPakFile: OnPakFileMounted2Time == 0.000233
[2023.06.22-15.49.49:604][  0]LogPakFile: PakFile PrimaryIndexSize=189
[2023.06.22-15.49.49:604][  0]LogPakFile: PakFile PathHashIndexSize=101
[2023.06.22-15.49.49:605][  0]LogPakFile: PakFile FullDirectoryIndexSize=152
[2023.06.22-15.49.49:605][  0]LogShaderLibrary: Display: ShaderCodeLibraryPakFileMountedCallback: PakFile 'C:/Program Files/Epic Games/UE_4.27/FeaturePacks/FP_FirstPersonBP.upack' (chunk index -1, root 'root:/') mounted
[2023.06.22-15.49.49:605][  0]LogShaderLibrary: Display: ShaderCodeLibraryPakFileMountedCallback: pending pak file info (ChunkID:-1 Root:root:/ File:C:/Program Files/Epic Games/UE_4.27/FeaturePacks/FP_FirstPersonBP.upack)
[2023.06.22-15.49.49:605][  0]LogPakFile: OnPakFileMounted2Time == 0.000250
[2023.06.22-15.49.49:606][  0]LogPakFile: PakFile PrimaryIndexSize=191
[2023.06.22-15.49.49:606][  0]LogPakFile: PakFile PathHashIndexSize=101
[2023.06.22-15.49.49:606][  0]LogPakFile: PakFile FullDirectoryIndexSize=160
[2023.06.22-15.49.49:606][  0]LogShaderLibrary: Display: ShaderCodeLibraryPakFileMountedCallback: PakFile 'C:/Program Files/Epic Games/UE_4.27/FeaturePacks/MobileStarterContent.upack' (chunk index -1, root 'root:/') mounted
[2023.06.22-15.49.49:606][  0]LogShaderLibrary: Display: ShaderCodeLibraryPakFileMountedCallback: pending pak file info (ChunkID:-1 Root:root:/ File:C:/Program Files/Epic Games/UE_4.27/FeaturePacks/MobileStarterContent.upack)
[2023.06.22-15.49.49:606][  0]LogPakFile: OnPakFileMounted2Time == 0.000211
[2023.06.22-15.49.49:607][  0]LogPakFile: PakFile PrimaryIndexSize=185
[2023.06.22-15.49.49:607][  0]LogPakFile: PakFile PathHashIndexSize=101
[2023.06.22-15.49.49:607][  0]LogPakFile: PakFile FullDirectoryIndexSize=148
[2023.06.22-15.49.49:607][  0]LogShaderLibrary: Display: ShaderCodeLibraryPakFileMountedCallback: PakFile 'C:/Program Files/Epic Games/UE_4.27/FeaturePacks/StarterContent.upack' (chunk index -1, root 'root:/') mounted
[2023.06.22-15.49.49:607][  0]LogShaderLibrary: Display: ShaderCodeLibraryPakFileMountedCallback: pending pak file info (ChunkID:-1 Root:root:/ File:C:/Program Files/Epic Games/UE_4.27/FeaturePacks/StarterContent.upack)
[2023.06.22-15.49.49:607][  0]LogPakFile: OnPakFileMounted2Time == 0.000192
[2023.06.22-15.49.49:608][  0]LogPakFile: PakFile PrimaryIndexSize=190
[2023.06.22-15.49.49:608][  0]LogPakFile: PakFile PathHashIndexSize=101
[2023.06.22-15.49.49:609][  0]LogPakFile: PakFile FullDirectoryIndexSize=154
[2023.06.22-15.49.49:609][  0]LogShaderLibrary: Display: ShaderCodeLibraryPakFileMountedCallback: PakFile 'C:/Program Files/Epic Games/UE_4.27/FeaturePacks/TP_2DSideScroller.upack' (chunk index -1, root 'root:/') mounted
[2023.06.22-15.49.49:609][  0]LogShaderLibrary: Display: ShaderCodeLibraryPakFileMountedCallback: pending pak file info (ChunkID:-1 Root:root:/ File:C:/Program Files/Epic Games/UE_4.27/FeaturePacks/TP_2DSideScroller.upack)
[2023.06.22-15.49.49:609][  0]LogPakFile: OnPakFileMounted2Time == 0.000208
[2023.06.22-15.49.49:610][  0]LogPakFile: PakFile PrimaryIndexSize=192
[2023.06.22-15.49.49:610][  0]LogPakFile: PakFile PathHashIndexSize=101
[2023.06.22-15.49.49:610][  0]LogPakFile: PakFile FullDirectoryIndexSize=158
[2023.06.22-15.49.49:610][  0]LogShaderLibrary: Display: ShaderCodeLibraryPakFileMountedCallback: PakFile 'C:/Program Files/Epic Games/UE_4.27/FeaturePacks/TP_2DSideScrollerBP.upack' (chunk index -1, root 'root:/') mounted
[2023.06.22-15.49.49:610][  0]LogShaderLibrary: Display: ShaderCodeLibraryPakFileMountedCallback: pending pak file info (ChunkID:-1 Root:root:/ File:C:/Program Files/Epic Games/UE_4.27/FeaturePacks/TP_2DSideScrollerBP.upack)
[2023.06.22-15.49.49:610][  0]LogPakFile: OnPakFileMounted2Time == 0.000210
[2023.06.22-15.49.49:611][  0]LogPakFile: PakFile PrimaryIndexSize=182
[2023.06.22-15.49.49:611][  0]LogPakFile: PakFile PathHashIndexSize=101
[2023.06.22-15.49.49:611][  0]LogPakFile: PakFile FullDirectoryIndexSize=138
[2023.06.22-15.49.49:612][  0]LogShaderLibrary: Display: ShaderCodeLibraryPakFileMountedCallback: PakFile 'C:/Program Files/Epic Games/UE_4.27/FeaturePacks/TP_Flying.upack' (chunk index -1, root 'root:/') mounted
[2023.06.22-15.49.49:612][  0]LogShaderLibrary: Display: ShaderCodeLibraryPakFileMountedCallback: pending pak file info (ChunkID:-1 Root:root:/ File:C:/Program Files/Epic Games/UE_4.27/FeaturePacks/TP_Flying.upack)
[2023.06.22-15.49.49:612][  0]LogPakFile: OnPakFileMounted2Time == 0.000201
[2023.06.22-15.49.49:612][  0]LogPakFile: PakFile PrimaryIndexSize=184
[2023.06.22-15.49.49:612][  0]LogPakFile: PakFile PathHashIndexSize=101
[2023.06.22-15.49.49:613][  0]LogPakFile: PakFile FullDirectoryIndexSize=142
[2023.06.22-15.49.49:613][  0]LogShaderLibrary: Display: ShaderCodeLibraryPakFileMountedCallback: PakFile 'C:/Program Files/Epic Games/UE_4.27/FeaturePacks/TP_FlyingBP.upack' (chunk index -1, root 'root:/') mounted
[2023.06.22-15.49.49:613][  0]LogShaderLibrary: Display: ShaderCodeLibraryPakFileMountedCallback: pending pak file info (ChunkID:-1 Root:root:/ File:C:/Program Files/Epic Games/UE_4.27/FeaturePacks/TP_FlyingBP.upack)
[2023.06.22-15.49.49:613][  0]LogPakFile: OnPakFileMounted2Time == 0.000194
[2023.06.22-15.49.49:614][  0]LogPakFile: PakFile PrimaryIndexSize=188
[2023.06.22-15.49.49:614][  0]LogPakFile: PakFile PathHashIndexSize=101
[2023.06.22-15.49.49:614][  0]LogPakFile: PakFile FullDirectoryIndexSize=150
[2023.06.22-15.49.49:614][  0]LogShaderLibrary: Display: ShaderCodeLibraryPakFileMountedCallback: PakFile 'C:/Program Files/Epic Games/UE_4.27/FeaturePacks/TP_HandheldARBP.upack' (chunk index -1, root 'root:/') mounted
[2023.06.22-15.49.49:614][  0]LogShaderLibrary: Display: ShaderCodeLibraryPakFileMountedCallback: pending pak file info (ChunkID:-1 Root:root:/ File:C:/Program Files/Epic Games/UE_4.27/FeaturePacks/TP_HandheldARBP.upack)
[2023.06.22-15.49.49:614][  0]LogPakFile: OnPakFileMounted2Time == 0.000195
[2023.06.22-15.49.49:615][  0]LogPakFile: PakFile PrimaryIndexSize=182
[2023.06.22-15.49.49:615][  0]LogPakFile: PakFile PathHashIndexSize=101
[2023.06.22-15.49.49:615][  0]LogPakFile: PakFile FullDirectoryIndexSize=138
[2023.06.22-15.49.49:615][  0]LogShaderLibrary: Display: ShaderCodeLibraryPakFileMountedCallback: PakFile 'C:/Program Files/Epic Games/UE_4.27/FeaturePacks/TP_Puzzle.upack' (chunk index -1, root 'root:/') mounted
[2023.06.22-15.49.49:615][  0]LogShaderLibrary: Display: ShaderCodeLibraryPakFileMountedCallback: pending pak file info (ChunkID:-1 Root:root:/ File:C:/Program Files/Epic Games/UE_4.27/FeaturePacks/TP_Puzzle.upack)
[2023.06.22-15.49.49:615][  0]LogPakFile: OnPakFileMounted2Time == 0.000180
[2023.06.22-15.49.49:616][  0]LogPakFile: PakFile PrimaryIndexSize=184
[2023.06.22-15.49.49:616][  0]LogPakFile: PakFile PathHashIndexSize=101
[2023.06.22-15.49.49:616][  0]LogPakFile: PakFile FullDirectoryIndexSize=142
[2023.06.22-15.49.49:616][  0]LogShaderLibrary: Display: ShaderCodeLibraryPakFileMountedCallback: PakFile 'C:/Program Files/Epic Games/UE_4.27/FeaturePacks/TP_PuzzleBP.upack' (chunk index -1, root 'root:/') mounted
[2023.06.22-15.49.49:616][  0]LogShaderLibrary: Display: ShaderCodeLibraryPakFileMountedCallback: pending pak file info (ChunkID:-1 Root:root:/ File:C:/Program Files/Epic Games/UE_4.27/FeaturePacks/TP_PuzzleBP.upack)
[2023.06.22-15.49.49:616][  0]LogPakFile: OnPakFileMounted2Time == 0.000160
[2023.06.22-15.49.49:617][  0]LogPakFile: PakFile PrimaryIndexSize=183
[2023.06.22-15.49.49:617][  0]LogPakFile: PakFile PathHashIndexSize=101
[2023.06.22-15.49.49:617][  0]LogPakFile: PakFile FullDirectoryIndexSize=140
[2023.06.22-15.49.49:617][  0]LogShaderLibrary: Display: ShaderCodeLibraryPakFileMountedCallback: PakFile 'C:/Program Files/Epic Games/UE_4.27/FeaturePacks/TP_Rolling.upack' (chunk index -1, root 'root:/') mounted
[2023.06.22-15.49.49:617][  0]LogShaderLibrary: Display: ShaderCodeLibraryPakFileMountedCallback: pending pak file info (ChunkID:-1 Root:root:/ File:C:/Program Files/Epic Games/UE_4.27/FeaturePacks/TP_Rolling.upack)
[2023.06.22-15.49.49:617][  0]LogPakFile: OnPakFileMounted2Time == 0.000158
[2023.06.22-15.49.49:618][  0]LogPakFile: PakFile PrimaryIndexSize=185
[2023.06.22-15.49.49:618][  0]LogPakFile: PakFile PathHashIndexSize=101
[2023.06.22-15.49.49:618][  0]LogPakFile: PakFile FullDirectoryIndexSize=144
[2023.06.22-15.49.49:618][  0]LogShaderLibrary: Display: ShaderCodeLibraryPakFileMountedCallback: PakFile 'C:/Program Files/Epic Games/UE_4.27/FeaturePacks/TP_RollingBP.upack' (chunk index -1, root 'root:/') mounted
[2023.06.22-15.49.49:618][  0]LogShaderLibrary: Display: ShaderCodeLibraryPakFileMountedCallback: pending pak file info (ChunkID:-1 Root:root:/ File:C:/Program Files/Epic Games/UE_4.27/FeaturePacks/TP_RollingBP.upack)
[2023.06.22-15.49.49:619][  0]LogPakFile: OnPakFileMounted2Time == 0.000193
[2023.06.22-15.49.49:619][  0]LogPakFile: PakFile PrimaryIndexSize=188
[2023.06.22-15.49.49:619][  0]LogPakFile: PakFile PathHashIndexSize=101
[2023.06.22-15.49.49:619][  0]LogPakFile: PakFile FullDirectoryIndexSize=150
[2023.06.22-15.49.49:620][  0]LogShaderLibrary: Display: ShaderCodeLibraryPakFileMountedCallback: PakFile 'C:/Program Files/Epic Games/UE_4.27/FeaturePacks/TP_SideScroller.upack' (chunk index -1, root 'root:/') mounted
[2023.06.22-15.49.49:620][  0]LogShaderLibrary: Display: ShaderCodeLibraryPakFileMountedCallback: pending pak file info (ChunkID:-1 Root:root:/ File:C:/Program Files/Epic Games/UE_4.27/FeaturePacks/TP_SideScroller.upack)
[2023.06.22-15.49.49:620][  0]LogPakFile: OnPakFileMounted2Time == 0.000211
[2023.06.22-15.49.49:620][  0]LogPakFile: PakFile PrimaryIndexSize=190
[2023.06.22-15.49.49:620][  0]LogPakFile: PakFile PathHashIndexSize=101
[2023.06.22-15.49.49:621][  0]LogPakFile: PakFile FullDirectoryIndexSize=154
[2023.06.22-15.49.49:621][  0]LogShaderLibrary: Display: ShaderCodeLibraryPakFileMountedCallback: PakFile 'C:/Program Files/Epic Games/UE_4.27/FeaturePacks/TP_SideScrollerBP.upack' (chunk index -1, root 'root:/') mounted
[2023.06.22-15.49.49:621][  0]LogShaderLibrary: Display: ShaderCodeLibraryPakFileMountedCallback: pending pak file info (ChunkID:-1 Root:root:/ File:C:/Program Files/Epic Games/UE_4.27/FeaturePacks/TP_SideScrollerBP.upack)
[2023.06.22-15.49.49:621][  0]LogPakFile: OnPakFileMounted2Time == 0.000185
[2023.06.22-15.49.49:621][  0]LogPakFile: PakFile PrimaryIndexSize=187
[2023.06.22-15.49.49:622][  0]LogPakFile: PakFile PathHashIndexSize=101
[2023.06.22-15.49.49:622][  0]LogPakFile: PakFile FullDirectoryIndexSize=148
[2023.06.22-15.49.49:622][  0]LogShaderLibrary: Display: ShaderCodeLibraryPakFileMountedCallback: PakFile 'C:/Program Files/Epic Games/UE_4.27/FeaturePacks/TP_ThirdPerson.upack' (chunk index -1, root 'root:/') mounted
[2023.06.22-15.49.49:622][  0]LogShaderLibrary: Display: ShaderCodeLibraryPakFileMountedCallback: pending pak file info (ChunkID:-1 Root:root:/ File:C:/Program Files/Epic Games/UE_4.27/FeaturePacks/TP_ThirdPerson.upack)
[2023.06.22-15.49.49:622][  0]LogPakFile: OnPakFileMounted2Time == 0.000171
[2023.06.22-15.49.49:623][  0]LogPakFile: PakFile PrimaryIndexSize=189
[2023.06.22-15.49.49:623][  0]LogPakFile: PakFile PathHashIndexSize=101
[2023.06.22-15.49.49:623][  0]LogPakFile: PakFile FullDirectoryIndexSize=152
[2023.06.22-15.49.49:623][  0]LogShaderLibrary: Display: ShaderCodeLibraryPakFileMountedCallback: PakFile 'C:/Program Files/Epic Games/UE_4.27/FeaturePacks/TP_ThirdPersonBP.upack' (chunk index -1, root 'root:/') mounted
[2023.06.22-15.49.49:623][  0]LogShaderLibrary: Display: ShaderCodeLibraryPakFileMountedCallback: pending pak file info (ChunkID:-1 Root:root:/ File:C:/Program Files/Epic Games/UE_4.27/FeaturePacks/TP_ThirdPersonBP.upack)
[2023.06.22-15.49.49:623][  0]LogPakFile: OnPakFileMounted2Time == 0.000152
[2023.06.22-15.49.49:624][  0]LogPakFile: PakFile PrimaryIndexSize=183
[2023.06.22-15.49.49:624][  0]LogPakFile: PakFile PathHashIndexSize=101
[2023.06.22-15.49.49:624][  0]LogPakFile: PakFile FullDirectoryIndexSize=140
[2023.06.22-15.49.49:624][  0]LogShaderLibrary: Display: ShaderCodeLibraryPakFileMountedCallback: PakFile 'C:/Program Files/Epic Games/UE_4.27/FeaturePacks/TP_TopDown.upack' (chunk index -1, root 'root:/') mounted
[2023.06.22-15.49.49:624][  0]LogShaderLibrary: Display: ShaderCodeLibraryPakFileMountedCallback: pending pak file info (ChunkID:-1 Root:root:/ File:C:/Program Files/Epic Games/UE_4.27/FeaturePacks/TP_TopDown.upack)
[2023.06.22-15.49.49:624][  0]LogPakFile: OnPakFileMounted2Time == 0.000193
[2023.06.22-15.49.49:625][  0]LogPakFile: PakFile PrimaryIndexSize=185
[2023.06.22-15.49.49:625][  0]LogPakFile: PakFile PathHashIndexSize=101
[2023.06.22-15.49.49:625][  0]LogPakFile: PakFile FullDirectoryIndexSize=144
[2023.06.22-15.49.49:625][  0]LogShaderLibrary: Display: ShaderCodeLibraryPakFileMountedCallback: PakFile 'C:/Program Files/Epic Games/UE_4.27/FeaturePacks/TP_TopDownBP.upack' (chunk index -1, root 'root:/') mounted
[2023.06.22-15.49.49:625][  0]LogShaderLibrary: Display: ShaderCodeLibraryPakFileMountedCallback: pending pak file info (ChunkID:-1 Root:root:/ File:C:/Program Files/Epic Games/UE_4.27/FeaturePacks/TP_TopDownBP.upack)
[2023.06.22-15.49.49:625][  0]LogPakFile: OnPakFileMounted2Time == 0.000204
[2023.06.22-15.49.49:626][  0]LogPakFile: PakFile PrimaryIndexSize=185
[2023.06.22-15.49.49:626][  0]LogPakFile: PakFile PathHashIndexSize=101
[2023.06.22-15.49.49:626][  0]LogPakFile: PakFile FullDirectoryIndexSize=144
[2023.06.22-15.49.49:626][  0]LogShaderLibrary: Display: ShaderCodeLibraryPakFileMountedCallback: PakFile 'C:/Program Files/Epic Games/UE_4.27/FeaturePacks/TP_TwinStick.upack' (chunk index -1, root 'root:/') mounted
[2023.06.22-15.49.49:626][  0]LogShaderLibrary: Display: ShaderCodeLibraryPakFileMountedCallback: pending pak file info (ChunkID:-1 Root:root:/ File:C:/Program Files/Epic Games/UE_4.27/FeaturePacks/TP_TwinStick.upack)
[2023.06.22-15.49.49:627][  0]LogPakFile: OnPakFileMounted2Time == 0.000176
[2023.06.22-15.49.49:627][  0]LogPakFile: PakFile PrimaryIndexSize=187
[2023.06.22-15.49.49:627][  0]LogPakFile: PakFile PathHashIndexSize=101
[2023.06.22-15.49.49:628][  0]LogPakFile: PakFile FullDirectoryIndexSize=148
[2023.06.22-15.49.49:628][  0]LogShaderLibrary: Display: ShaderCodeLibraryPakFileMountedCallback: PakFile 'C:/Program Files/Epic Games/UE_4.27/FeaturePacks/TP_TwinStickBP.upack' (chunk index -1, root 'root:/') mounted
[2023.06.22-15.49.49:628][  0]LogShaderLibrary: Display: ShaderCodeLibraryPakFileMountedCallback: pending pak file info (ChunkID:-1 Root:root:/ File:C:/Program Files/Epic Games/UE_4.27/FeaturePacks/TP_TwinStickBP.upack)
[2023.06.22-15.49.49:628][  0]LogPakFile: OnPakFileMounted2Time == 0.000170
[2023.06.22-15.49.49:628][  0]LogPakFile: PakFile PrimaryIndexSize=183
[2023.06.22-15.49.49:629][  0]LogPakFile: PakFile PathHashIndexSize=101
[2023.06.22-15.49.49:629][  0]LogPakFile: PakFile FullDirectoryIndexSize=140
[2023.06.22-15.49.49:629][  0]LogShaderLibrary: Display: ShaderCodeLibraryPakFileMountedCallback: PakFile 'C:/Program Files/Epic Games/UE_4.27/FeaturePacks/TP_Vehicle.upack' (chunk index -1, root 'root:/') mounted
[2023.06.22-15.49.49:629][  0]LogShaderLibrary: Display: ShaderCodeLibraryPakFileMountedCallback: pending pak file info (ChunkID:-1 Root:root:/ File:C:/Program Files/Epic Games/UE_4.27/FeaturePacks/TP_Vehicle.upack)
[2023.06.22-15.49.49:629][  0]LogPakFile: OnPakFileMounted2Time == 0.000192
[2023.06.22-15.49.49:630][  0]LogPakFile: PakFile PrimaryIndexSize=186
[2023.06.22-15.49.49:630][  0]LogPakFile: PakFile PathHashIndexSize=101
[2023.06.22-15.49.49:630][  0]LogPakFile: PakFile FullDirectoryIndexSize=146
[2023.06.22-15.49.49:630][  0]LogShaderLibrary: Display: ShaderCodeLibraryPakFileMountedCallback: PakFile 'C:/Program Files/Epic Games/UE_4.27/FeaturePacks/TP_VehicleAdv.upack' (chunk index -1, root 'root:/') mounted
[2023.06.22-15.49.49:630][  0]LogShaderLibrary: Display: ShaderCodeLibraryPakFileMountedCallback: pending pak file info (ChunkID:-1 Root:root:/ File:C:/Program Files/Epic Games/UE_4.27/FeaturePacks/TP_VehicleAdv.upack)
[2023.06.22-15.49.49:630][  0]LogPakFile: OnPakFileMounted2Time == 0.000172
[2023.06.22-15.49.49:631][  0]LogPakFile: PakFile PrimaryIndexSize=188
[2023.06.22-15.49.49:631][  0]LogPakFile: PakFile PathHashIndexSize=101
[2023.06.22-15.49.49:631][  0]LogPakFile: PakFile FullDirectoryIndexSize=150
[2023.06.22-15.49.49:631][  0]LogShaderLibrary: Display: ShaderCodeLibraryPakFileMountedCallback: PakFile 'C:/Program Files/Epic Games/UE_4.27/FeaturePacks/TP_VehicleAdvBP.upack' (chunk index -1, root 'root:/') mounted
[2023.06.22-15.49.49:631][  0]LogShaderLibrary: Display: ShaderCodeLibraryPakFileMountedCallback: pending pak file info (ChunkID:-1 Root:root:/ File:C:/Program Files/Epic Games/UE_4.27/FeaturePacks/TP_VehicleAdvBP.upack)
[2023.06.22-15.49.49:631][  0]LogPakFile: OnPakFileMounted2Time == 0.000200
[2023.06.22-15.49.49:632][  0]LogPakFile: PakFile PrimaryIndexSize=185
[2023.06.22-15.49.49:632][  0]LogPakFile: PakFile PathHashIndexSize=101
[2023.06.22-15.49.49:632][  0]LogPakFile: PakFile FullDirectoryIndexSize=144
[2023.06.22-15.49.49:632][  0]LogShaderLibrary: Display: ShaderCodeLibraryPakFileMountedCallback: PakFile 'C:/Program Files/Epic Games/UE_4.27/FeaturePacks/TP_VehicleBP.upack' (chunk index -1, root 'root:/') mounted
[2023.06.22-15.49.49:632][  0]LogShaderLibrary: Display: ShaderCodeLibraryPakFileMountedCallback: pending pak file info (ChunkID:-1 Root:root:/ File:C:/Program Files/Epic Games/UE_4.27/FeaturePacks/TP_VehicleBP.upack)
[2023.06.22-15.49.49:632][  0]LogPakFile: OnPakFileMounted2Time == 0.000191
[2023.06.22-15.49.49:633][  0]LogPakFile: PakFile PrimaryIndexSize=192
[2023.06.22-15.49.49:633][  0]LogPakFile: PakFile PathHashIndexSize=101
[2023.06.22-15.49.49:633][  0]LogPakFile: PakFile FullDirectoryIndexSize=158
[2023.06.22-15.49.49:633][  0]LogShaderLibrary: Display: ShaderCodeLibraryPakFileMountedCallback: PakFile 'C:/Program Files/Epic Games/UE_4.27/FeaturePacks/TP_VirtualRealityBP.upack' (chunk index -1, root 'root:/') mounted
[2023.06.22-15.49.49:634][  0]LogShaderLibrary: Display: ShaderCodeLibraryPakFileMountedCallback: pending pak file info (ChunkID:-1 Root:root:/ File:C:/Program Files/Epic Games/UE_4.27/FeaturePacks/TP_VirtualRealityBP.upack)
[2023.06.22-15.49.49:634][  0]LogPakFile: OnPakFileMounted2Time == 0.000186
[2023.06.22-15.49.49:687][  0]LogNativeClassHierarchy: Verbose: Native class hierarchy updated for 'AddContentDialog' in 0.0003 seconds. Added 0 classes and 0 folders.
[2023.06.22-15.49.49:688][  0]LogNativeClassHierarchy: Verbose: Native class hierarchy updated for 'SceneOutliner' in 0.0003 seconds. Added 2 classes and 0 folders.
[2023.06.22-15.49.49:810][  0]LogSlate: Took 0.000212 seconds to synchronously load lazily loaded font '../../../Engine/Content/Slate/Fonts/Roboto-Regular.ttf' (155K)
[2023.06.22-15.49.49:812][  0]LogSlate: Took 0.000159 seconds to synchronously load lazily loaded font '../../../Engine/Content/Editor/Slate/Fonts/FontAwesome.ttf' (139K)
[2023.06.22-15.49.49:814][  0]LogSlate: Took 0.000180 seconds to synchronously load lazily loaded font '../../../Engine/Content/Slate/Fonts/Roboto-Bold.ttf' (160K)
[2023.06.22-15.49.49:939][  0]LogRenderer: Reallocating scene render targets to support 972x632 Format 10 NumSamples 1 (Frame:1).
[2023.06.22-15.49.50:554][  0]LogSlate: Took 0.000155 seconds to synchronously load lazily loaded font '../../../Engine/Content/Slate/Fonts/Roboto-Light.ttf' (167K)
[2023.06.22-15.49.50:654][  0]LogNativeClassHierarchy: Verbose: Native class hierarchy updated for 'HierarchicalLODOutliner' in 0.0003 seconds. Added 0 classes and 0 folders.
[2023.06.22-15.49.50:654][  0]LogInput: Warning: Action SetDestination uses invalid key OculusGo_Left_Trigger_Click.
[2023.06.22-15.49.50:655][  0]LogInput: Warning: Action ResetVR uses invalid key OculusGo_Left_Back_Click.
[2023.06.22-15.49.50:655][  0]LogInput: Warning: Use -RemoveInvalidKeys to remove instances of these keys from the action mapping.
[2023.06.22-15.49.50:655][  0]LogLoad: (Engine Initialization) Total time: 15.45 seconds
[2023.06.22-15.49.50:655][  0]LogLoad: (Engine Initialization) Total Blueprint compile time: 0.00 seconds
[2023.06.22-15.49.50:714][  0]LogAssetRegistry: Asset discovery search completed in 9.4243 seconds
[2023.06.22-15.49.50:723][  0]LogCollectionManager: Fixed up redirectors for 0 collections in 0.000005 seconds (updated 0 objects)
[2023.06.22-15.49.50:725][  0]LogContentStreaming: Texture pool size now 1000 MB
[2023.06.22-15.51.10:706][459]LogTemp: Repeating last play command: Selected Viewport
[2023.06.22-15.51.10:725][459]LogPlayLevel: PlayLevel: No blueprints needed recompiling
[2023.06.22-15.51.10:726][459]PIE: New page: PIE session: TopDownExampleMap (Jun 22, 2023, 5:51:10 AM)
[2023.06.22-15.51.10:729][459]LogOnline: OSS: Creating online subsystem instance for: NULL
[2023.06.22-15.51.10:732][459]LogOnline: OSS: TryLoadSubsystemAndSetDefault: Loaded subsystem for module [NULL]
[2023.06.22-15.51.10:733][459]LogPlayLevel: Creating play world package: /Game/TopDownCPP/Maps/UEDPIE_0_TopDownExampleMap
[2023.06.22-15.51.10:753][459]LogPlayLevel: PIE: StaticDuplicateObject took: (0.019498s)
[2023.06.22-15.51.10:755][459]LogAIModule: Creating AISystem for world TopDownExampleMap
[2023.06.22-15.51.10:756][459]LogPlayLevel: PIE: World Init took: (0.002550s)
[2023.06.22-15.51.10:756][459]LogPlayLevel: PIE: Created PIE world by copying editor world from /Game/TopDownCPP/Maps/TopDownExampleMap.TopDownExampleMap to /Game/TopDownCPP/Maps/UEDPIE_0_TopDownExampleMap.TopDownExampleMap (0.022711s)
[2023.06.22-15.51.10:775][459]LogUObjectHash: Compacting FUObjectHashTables data took   0.85ms
[2023.06.22-15.51.10:777][459]LogAudio: Display: Creating Audio Device:                 Id: 2, Scope: Unique, Realtime: True
[2023.06.22-15.51.10:778][459]LogAudioMixer: Display: Audio Mixer Platform Settings:
[2023.06.22-15.51.10:778][459]LogAudioMixer: Display: 	Sample Rate:						  48000
[2023.06.22-15.51.10:778][459]LogAudioMixer: Display: 	Callback Buffer Frame Size Requested: 1024
[2023.06.22-15.51.10:778][459]LogAudioMixer: Display: 	Callback Buffer Frame Size To Use:	  1024
[2023.06.22-15.51.10:778][459]LogAudioMixer: Display: 	Number of buffers to queue:			  2
[2023.06.22-15.51.10:778][459]LogAudioMixer: Display: 	Max Channels (voices):				  32
[2023.06.22-15.51.10:778][459]LogAudioMixer: Display: 	Number of Async Source Workers:		  0
[2023.06.22-15.51.10:778][459]LogAudio: Display: AudioDevice MaxSources: 32
[2023.06.22-15.51.10:779][459]LogAudio: Display: Audio Spatialization Plugin: None (built-in).
[2023.06.22-15.51.10:779][459]LogAudio: Display: Audio Reverb Plugin: None (built-in).
[2023.06.22-15.51.10:779][459]LogAudio: Display: Audio Occlusion Plugin: None (built-in).
[2023.06.22-15.51.10:779][459]LogAudioMixer: Display: Initializing audio mixer.
[2023.06.22-15.51.10:783][459]LogAudioMixer: Display: 0: FrontLeft
[2023.06.22-15.51.10:783][459]LogAudioMixer: Display: 1: FrontRight
[2023.06.22-15.51.10:795][459]LogAudioMixer: Display: Using Audio Device Speakers (Razer USB Sound Card)
[2023.06.22-15.51.10:795][459]LogAudioMixer: Display: Initializing Sound Submixes...
[2023.06.22-15.51.10:795][459]LogAudioMixer: Display: Creating Master Submix 'MasterSubmixDefault'
[2023.06.22-15.51.10:796][459]LogAudioMixer: Display: Creating Master Submix 'MasterReverbSubmixDefault'
[2023.06.22-15.51.10:796][459]LogAudioMixer: Display: Creating Master Submix 'MasterEQSubmixDefault'
[2023.06.22-15.51.10:796][459]LogAudioMixer: FMixerPlatformXAudio2::StartAudioStream() called
[2023.06.22-15.51.10:796][459]LogAudioMixer: Display: Output buffers initialized: Frames=1024, Channels=2, Samples=2048
[2023.06.22-15.51.10:799][459]LogAudioMixer: Display: Starting AudioMixerPlatformInterface::RunInternal()
[2023.06.22-15.51.10:799][459]LogAudioMixer: Display: FMixerPlatformXAudio2::SubmitBuffer() called for the first time
[2023.06.22-15.51.10:799][459]LogInit: FAudioDevice initialized.
[2023.06.22-15.51.10:799][459]LogAudio: Display: Audio Device (ID: 2) registered with world 'TopDownExampleMap'.
[2023.06.22-15.51.10:821][459]LogLoad: Game class is 'TowerDefenceGameMode'
[2023.06.22-15.51.10:825][459]LogWorld: Bringing World /Game/TopDownCPP/Maps/UEDPIE_0_TopDownExampleMap.TopDownExampleMap up for play (max tick rate 0) at 2023.06.22-10.51.10
[2023.06.22-15.51.10:826][459]LogWorld: Bringing up level for play took: 0.003210
[2023.06.22-15.51.10:827][459]LogOnline: OSS: Creating online subsystem instance for: :Context_2
[2023.06.22-15.51.10:841][459]LogNativeClassHierarchy: Verbose: Native class hierarchy updated for 'MovieSceneCapture' in 0.0005 seconds. Added 20 classes and 0 folders.
[2023.06.22-15.51.10:870][459]PIE: Server logged in
[2023.06.22-15.51.10:874][459]PIE: Play in editor total start time 0.162 seconds.
[2023.06.22-15.51.25:946][162]LogSlate: Updating window title bar state: overlay mode, drag disabled, window buttons hidden, title bar hidden
[2023.06.22-15.51.25:946][162]LogWorld: BeginTearingDown for /Game/TopDownCPP/Maps/UEDPIE_0_TopDownExampleMap
[2023.06.22-15.51.25:947][162]LogWorld: UWorld::CleanupWorld for TopDownExampleMap, bSessionEnded=true, bCleanupResources=true
[2023.06.22-15.51.25:948][162]LogSlate: InvalidateAllWidgets triggered.  All widgets were invalidated
[2023.06.22-15.51.25:963][162]LogPlayLevel: Display: Shutting down PIE online subsystems
[2023.06.22-15.51.25:966][162]LogSlate: InvalidateAllWidgets triggered.  All widgets were invalidated
[2023.06.22-15.51.25:973][162]LogAudio: Display: Audio Device unregistered from world 'None'.
[2023.06.22-15.51.25:973][162]LogAudioMixer: FMixerPlatformXAudio2::StopAudioStream() called
[2023.06.22-15.51.25:976][162]LogAudioMixer: FMixerPlatformXAudio2::StopAudioStream() called
[2023.06.22-15.51.25:980][162]LogSlate: Updating window title bar state: overlay mode, drag disabled, window buttons hidden, title bar hidden
[2023.06.22-15.51.25:983][162]LogUObjectHash: Compacting FUObjectHashTables data took   1.17ms
[2023.06.22-15.51.26:019][163]LogPlayLevel: Display: Destroying online subsystem :Context_2
